{"C:/Users/Skary/OneDrive/Área de Trabalho/pokedex-original/tailwind.config.js": {"path":"C:/Users/Skary/OneDrive/Área de Trabalho/pokedex-original/tailwind.config.js","statementMap":{"0":{"start":{"line":1,"column":16},"end":{"line":1,"column":46}},"1":{"start":{"line":4,"column":0},"end":{"line":98,"column":2}}},"fnMap":{},"branchMap":{},"s":{"0":0,"1":0},"f":{},"b":{}}
,"C:/Users/Skary/OneDrive/Área de Trabalho/pokedex-original/src/main.ts": {"path":"C:/Users/Skary/OneDrive/Área de Trabalho/pokedex-original/src/main.ts","statementMap":{"0":{"start":{"line":8,"column":14},"end":{"line":8,"column":null}},"1":{"start":{"line":10,"column":12},"end":{"line":10,"column":null}},"2":{"start":{"line":11,"column":0},"end":{"line":11,"column":null}},"3":{"start":{"line":12,"column":0},"end":{"line":12,"column":null}},"4":{"start":{"line":13,"column":0},"end":{"line":13,"column":null}}},"fnMap":{},"branchMap":{},"s":{"0":0,"1":0,"2":0,"3":0,"4":0},"f":{},"b":{}}
,"C:/Users/Skary/OneDrive/Área de Trabalho/pokedex-original/src/router.ts": {"path":"C:/Users/Skary/OneDrive/Área de Trabalho/pokedex-original/src/router.ts","statementMap":{"0":{"start":{"line":3,"column":15},"end":{"line":14,"column":null}},"1":{"start":{"line":7,"column":21},"end":{"line":7,"column":null}},"2":{"start":{"line":12,"column":21},"end":{"line":12,"column":null}},"3":{"start":{"line":16,"column":15},"end":{"line":19,"column":null}}},"fnMap":{"0":{"name":"(anonymous_0)","decl":{"start":{"line":7,"column":15},"end":{"line":7,"column":21}},"loc":{"start":{"line":7,"column":21},"end":{"line":7,"column":null}}},"1":{"name":"(anonymous_1)","decl":{"start":{"line":12,"column":15},"end":{"line":12,"column":21}},"loc":{"start":{"line":12,"column":21},"end":{"line":12,"column":null}}}},"branchMap":{},"s":{"0":0,"1":0,"2":0,"3":0},"f":{"0":0,"1":0},"b":{}}
,"C:/Users/Skary/OneDrive/Área de Trabalho/pokedex-original/src/api/usePokemonDetails.ts": {"path":"C:/Users/Skary/OneDrive/Área de Trabalho/pokedex-original/src/api/usePokemonDetails.ts","statementMap":{"0":{"start":{"line":7,"column":4},"end":{"line":9,"column":null}},"1":{"start":{"line":8,"column":6},"end":{"line":8,"column":null}},"2":{"start":{"line":11,"column":4},"end":{"line":38,"column":null}},"3":{"start":{"line":12,"column":23},"end":{"line":14,"column":null}},"4":{"start":{"line":15,"column":57},"end":{"line":15,"column":null}},"5":{"start":{"line":16,"column":20},"end":{"line":16,"column":null}},"6":{"start":{"line":17,"column":6},"end":{"line":31,"column":null}},"7":{"start":{"line":33,"column":6},"end":{"line":36,"column":null}},"8":{"start":{"line":37,"column":6},"end":{"line":37,"column":null}},"9":{"start":{"line":41,"column":2},"end":{"line":43,"column":null}}},"fnMap":{"0":{"name":"usePokemonDetails","decl":{"start":{"line":3,"column":16},"end":{"line":3,"column":36}},"loc":{"start":{"line":3,"column":36},"end":{"line":44,"column":null}}},"1":{"name":"getEachPokemon","decl":{"start":{"line":4,"column":17},"end":{"line":4,"column":null}},"loc":{"start":{"line":6,"column":36},"end":{"line":39,"column":null}}}},"branchMap":{"0":{"loc":{"start":{"line":7,"column":4},"end":{"line":9,"column":null}},"type":"if","locations":[{"start":{"line":7,"column":4},"end":{"line":9,"column":null}},{"start":{},"end":{}}]},"1":{"loc":{"start":{"line":23,"column":10},"end":{"line":25,"column":null}},"type":"cond-expr","locations":[{"start":{"line":24,"column":14},"end":{"line":24,"column":null}},{"start":{"line":25,"column":14},"end":{"line":25,"column":null}}]}},"s":{"0":3,"1":1,"2":2,"3":2,"4":1,"5":1,"6":1,"7":1,"8":1,"9":3},"f":{"0":3,"1":3},"b":{"0":[1,2],"1":[0,1]}}
,"C:/Users/Skary/OneDrive/Área de Trabalho/pokedex-original/src/api/usePokemonEvolution.ts": {"path":"C:/Users/Skary/OneDrive/Área de Trabalho/pokedex-original/src/api/usePokemonEvolution.ts","statementMap":{"0":{"start":{"line":5,"column":29},"end":{"line":5,"column":null}},"1":{"start":{"line":8,"column":21},"end":{"line":10,"column":null}},"2":{"start":{"line":11,"column":4},"end":{"line":11,"column":null}},"3":{"start":{"line":17,"column":17},"end":{"line":17,"column":null}},"4":{"start":{"line":18,"column":30},"end":{"line":18,"column":null}},"5":{"start":{"line":19,"column":22},"end":{"line":19,"column":null}},"6":{"start":{"line":21,"column":27},"end":{"line":21,"column":null}},"7":{"start":{"line":22,"column":28},"end":{"line":22,"column":null}},"8":{"start":{"line":24,"column":4},"end":{"line":34,"column":null}},"9":{"start":{"line":37,"column":2},"end":{"line":37,"column":null}}},"fnMap":{"0":{"name":"usePokemonEvolution","decl":{"start":{"line":4,"column":16},"end":{"line":4,"column":38}},"loc":{"start":{"line":4,"column":38},"end":{"line":38,"column":null}}},"1":{"name":"getPokemonSpecies","decl":{"start":{"line":7,"column":17},"end":{"line":7,"column":35}},"loc":{"start":{"line":7,"column":61},"end":{"line":12,"column":null}}},"2":{"name":"getPokemonEvolutions","decl":{"start":{"line":14,"column":17},"end":{"line":14,"column":null}},"loc":{"start":{"line":16,"column":38},"end":{"line":35,"column":null}}}},"branchMap":{"0":{"loc":{"start":{"line":21,"column":27},"end":{"line":21,"column":null}},"type":"binary-expr","locations":[{"start":{"line":21,"column":27},"end":{"line":21,"column":50}},{"start":{"line":21,"column":50},"end":{"line":21,"column":null}}]},"1":{"loc":{"start":{"line":22,"column":28},"end":{"line":22,"column":null}},"type":"binary-expr","locations":[{"start":{"line":22,"column":28},"end":{"line":22,"column":61}},{"start":{"line":22,"column":61},"end":{"line":22,"column":null}}]},"2":{"loc":{"start":{"line":27,"column":8},"end":{"line":27,"column":null}},"type":"binary-expr","locations":[{"start":{"line":27,"column":8},"end":{"line":27,"column":27}},{"start":{"line":27,"column":27},"end":{"line":27,"column":null}}]},"3":{"loc":{"start":{"line":29,"column":8},"end":{"line":29,"column":null}},"type":"binary-expr","locations":[{"start":{"line":29,"column":8},"end":{"line":29,"column":28}},{"start":{"line":29,"column":28},"end":{"line":29,"column":null}}]},"4":{"loc":{"start":{"line":31,"column":8},"end":{"line":31,"column":null}},"type":"binary-expr","locations":[{"start":{"line":31,"column":8},"end":{"line":31,"column":59}},{"start":{"line":31,"column":59},"end":{"line":31,"column":null}}]},"5":{"loc":{"start":{"line":33,"column":8},"end":{"line":33,"column":null}},"type":"binary-expr","locations":[{"start":{"line":33,"column":8},"end":{"line":33,"column":60}},{"start":{"line":33,"column":60},"end":{"line":33,"column":null}}]}},"s":{"0":3,"1":3,"2":2,"3":3,"4":2,"5":2,"6":2,"7":2,"8":2,"9":3},"f":{"0":3,"1":3,"2":3},"b":{"0":[2,1],"1":[2,1],"2":[2,1],"3":[2,1],"4":[2,1],"5":[2,1]}}
,"C:/Users/Skary/OneDrive/Área de Trabalho/pokedex-original/src/api/usePokemonList.ts": {"path":"C:/Users/Skary/OneDrive/Área de Trabalho/pokedex-original/src/api/usePokemonList.ts","statementMap":{"0":{"start":{"line":5,"column":22},"end":{"line":5,"column":null}},"1":{"start":{"line":6,"column":20},"end":{"line":6,"column":null}},"2":{"start":{"line":7,"column":19},"end":{"line":7,"column":null}},"3":{"start":{"line":10,"column":4},"end":{"line":10,"column":null}},"4":{"start":{"line":10,"column":25},"end":{"line":10,"column":null}},"5":{"start":{"line":12,"column":4},"end":{"line":12,"column":null}},"6":{"start":{"line":13,"column":4},"end":{"line":27,"column":null}},"7":{"start":{"line":14,"column":23},"end":{"line":18,"column":null}},"8":{"start":{"line":19,"column":40},"end":{"line":19,"column":null}},"9":{"start":{"line":20,"column":6},"end":{"line":20,"column":null}},"10":{"start":{"line":21,"column":6},"end":{"line":21,"column":null}},"11":{"start":{"line":23,"column":6},"end":{"line":23,"column":null}},"12":{"start":{"line":24,"column":6},"end":{"line":24,"column":null}},"13":{"start":{"line":26,"column":6},"end":{"line":26,"column":null}},"14":{"start":{"line":30,"column":2},"end":{"line":34,"column":null}}},"fnMap":{"0":{"name":"usePokemonList","decl":{"start":{"line":4,"column":16},"end":{"line":4,"column":33}},"loc":{"start":{"line":4,"column":33},"end":{"line":35,"column":null}}},"1":{"name":"getListPokemons","decl":{"start":{"line":9,"column":17},"end":{"line":9,"column":63}},"loc":{"start":{"line":9,"column":63},"end":{"line":28,"column":null}}}},"branchMap":{"0":{"loc":{"start":{"line":10,"column":4},"end":{"line":10,"column":null}},"type":"if","locations":[{"start":{"line":10,"column":4},"end":{"line":10,"column":null}},{"start":{},"end":{}}]}},"s":{"0":6,"1":6,"2":6,"3":6,"4":1,"5":5,"6":5,"7":5,"8":3,"9":3,"10":3,"11":2,"12":2,"13":5,"14":6},"f":{"0":6,"1":6},"b":{"0":[1,5]}}
,"C:/Users/Skary/OneDrive/Área de Trabalho/pokedex-original/src/components/Badge.vue": {"path":"C:/Users/Skary/OneDrive/Área de Trabalho/pokedex-original/src/components/Badge.vue","statementMap":{"0":{"start":{"line":11,"column":14},"end":{"line":11,"column":null}},"1":{"start":{"line":18,"column":18},"end":{"line":20,"column":null}},"2":{"start":{"line":19,"column":4},"end":{"line":19,"column":null}},"3":{"start":{"line":2,"column":4},"end":{"line":4,"column":null}}},"fnMap":{"0":{"name":"(anonymous_1)","decl":{"start":{"line":18,"column":27},"end":{"line":18,"column":33}},"loc":{"start":{"line":18,"column":33},"end":{"line":20,"column":1}}}},"branchMap":{"0":{"loc":{"start":{"line":19,"column":11},"end":{"line":19,"column":null}},"type":"binary-expr","locations":[{"start":{"line":19,"column":11},"end":{"line":19,"column":82}},{"start":{"line":19,"column":82},"end":{"line":19,"column":null}}]}},"s":{"0":0,"1":0,"2":0,"3":0},"f":{"0":0},"b":{"0":[0,0]}}
,"C:/Users/Skary/OneDrive/Área de Trabalho/pokedex-original/src/components/Card.vue": {"path":"C:/Users/Skary/OneDrive/Área de Trabalho/pokedex-original/src/components/Card.vue","statementMap":{"0":{"start":{"line":34,"column":39},"end":{"line":34,"column":null}},"1":{"start":{"line":4,"column":12},"end":{"line":4,"column":null}},"2":{"start":{"line":5,"column":17},"end":{"line":5,"column":null}},"3":{"start":{"line":6,"column":19},"end":{"line":6,"column":38}},"4":{"start":{"line":13,"column":17},"end":{"line":13,"column":null}},"5":{"start":{"line":1,"column":0},"end":{"line":1,"column":null}},"6":{"start":{"line":17,"column":17},"end":{"line":17,"column":null}},"7":{"start":{"line":18,"column":19},"end":{"line":18,"column":56}},"8":{"start":{"line":19,"column":21},"end":{"line":19,"column":null}},"9":{"start":{"line":2,"column":4},"end":{"line":1,"column":null}},"10":{"start":{"line":7,"column":45},"end":{"line":7,"column":null}},"11":{"start":{"line":20,"column":20},"end":{"line":21,"column":60}}},"fnMap":{"0":{"name":"(anonymous_4)","decl":{"start":{"line":1,"column":0},"end":{"line":1,"column":null}},"loc":{"start":{"line":7,"column":45},"end":{"line":7,"column":null}}}},"branchMap":{"0":{"loc":{"start":{"line":7,"column":30},"end":{"line":7,"column":null}},"type":"binary-expr","locations":[{"start":{"line":7,"column":30},"end":{"line":7,"column":45}},{"start":{"line":7,"column":30},"end":{"line":7,"column":null}}]}},"s":{"0":0,"1":0,"2":0,"3":0,"4":0,"5":0,"6":0,"7":0,"8":0,"9":0,"10":0,"11":0},"f":{"0":0},"b":{"0":[0,0]}}
,"C:/Users/Skary/OneDrive/Área de Trabalho/pokedex-original/src/components/ui/progress/Progress.vue": {"path":"C:/Users/Skary/OneDrive/Área de Trabalho/pokedex-original/src/components/ui/progress/Progress.vue","statementMap":{"0":{"start":{"line":10,"column":14},"end":{"line":10,"column":null}},"1":{"start":{"line":17,"column":23},"end":{"line":21,"column":null}},"2":{"start":{"line":18,"column":37},"end":{"line":18,"column":null}},"3":{"start":{"line":20,"column":2},"end":{"line":20,"column":null}},"4":{"start":{"line":25,"column":2},"end":{"line":1,"column":null}}},"fnMap":{"0":{"name":"(anonymous_1)","decl":{"start":{"line":17,"column":32},"end":{"line":17,"column":38}},"loc":{"start":{"line":17,"column":38},"end":{"line":21,"column":1}}}},"branchMap":{"0":{"loc":{"start":{"line":36,"column":47},"end":{"line":36,"column":null}},"type":"binary-expr","locations":[{"start":{"line":36,"column":47},"end":{"line":36,"column":63}},{"start":{"line":36,"column":63},"end":{"line":36,"column":null}}]}},"s":{"0":0,"1":0,"2":0,"3":0,"4":0},"f":{"0":0},"b":{"0":[0,0]}}
,"C:/Users/Skary/OneDrive/Área de Trabalho/pokedex-original/src/components/ui/tooltip/Tooltip.vue": {"path":"C:/Users/Skary/OneDrive/Área de Trabalho/pokedex-original/src/components/ui/tooltip/Tooltip.vue","statementMap":{"0":{"start":{"line":4,"column":14},"end":{"line":4,"column":null}},"1":{"start":{"line":5,"column":14},"end":{"line":5,"column":null}},"2":{"start":{"line":7,"column":18},"end":{"line":7,"column":null}},"3":{"start":{"line":12,"column":12},"end":{"line":12,"column":null}}},"fnMap":{"0":{"name":"(anonymous_3)","decl":{"start":{"line":12,"column":4},"end":{"line":12,"column":12}},"loc":{"start":{"line":12,"column":12},"end":{"line":12,"column":null}}}},"branchMap":{},"s":{"0":0,"1":0,"2":0,"3":0},"f":{"0":0},"b":{}}
,"C:/Users/Skary/OneDrive/Área de Trabalho/pokedex-original/src/components/ui/tooltip/TooltipContent.vue": {"path":"C:/Users/Skary/OneDrive/Área de Trabalho/pokedex-original/src/components/ui/tooltip/TooltipContent.vue","statementMap":{"0":{"start":{"line":10,"column":14},"end":{"line":10,"column":null}},"1":{"start":{"line":14,"column":14},"end":{"line":14,"column":null}},"2":{"start":{"line":16,"column":23},"end":{"line":20,"column":null}},"3":{"start":{"line":17,"column":37},"end":{"line":17,"column":null}},"4":{"start":{"line":19,"column":2},"end":{"line":19,"column":null}},"5":{"start":{"line":22,"column":18},"end":{"line":22,"column":null}},"6":{"start":{"line":26,"column":2},"end":{"line":1,"column":null}},"7":{"start":{"line":28,"column":14},"end":{"line":28,"column":null}}},"fnMap":{"0":{"name":"(anonymous_1)","decl":{"start":{"line":16,"column":32},"end":{"line":16,"column":38}},"loc":{"start":{"line":16,"column":38},"end":{"line":20,"column":1}}},"1":{"name":"(anonymous_7)","decl":{"start":{"line":28,"column":6},"end":{"line":28,"column":14}},"loc":{"start":{"line":28,"column":14},"end":{"line":28,"column":null}}}},"branchMap":{},"s":{"0":0,"1":0,"2":0,"3":0,"4":0,"5":0,"6":0,"7":0},"f":{"0":0,"1":0},"b":{}}
,"C:/Users/Skary/OneDrive/Área de Trabalho/pokedex-original/src/components/ui/tooltip/TooltipProvider.vue": {"path":"C:/Users/Skary/OneDrive/Área de Trabalho/pokedex-original/src/components/ui/tooltip/TooltipProvider.vue","statementMap":{"0":{"start":{"line":4,"column":14},"end":{"line":4,"column":null}},"1":{"start":{"line":9,"column":12},"end":{"line":9,"column":null}}},"fnMap":{"0":{"name":"(anonymous_3)","decl":{"start":{"line":9,"column":4},"end":{"line":9,"column":12}},"loc":{"start":{"line":9,"column":12},"end":{"line":9,"column":null}}}},"branchMap":{},"s":{"0":0,"1":0},"f":{"0":0},"b":{}}
,"C:/Users/Skary/OneDrive/Área de Trabalho/pokedex-original/src/components/ui/tooltip/TooltipTrigger.vue": {"path":"C:/Users/Skary/OneDrive/Área de Trabalho/pokedex-original/src/components/ui/tooltip/TooltipTrigger.vue","statementMap":{"0":{"start":{"line":4,"column":14},"end":{"line":4,"column":null}},"1":{"start":{"line":9,"column":12},"end":{"line":9,"column":null}}},"fnMap":{"0":{"name":"(anonymous_3)","decl":{"start":{"line":9,"column":4},"end":{"line":9,"column":12}},"loc":{"start":{"line":9,"column":12},"end":{"line":9,"column":null}}}},"branchMap":{},"s":{"0":0,"1":0},"f":{"0":0},"b":{}}
,"C:/Users/Skary/OneDrive/Área de Trabalho/pokedex-original/src/composables/useFavoritePokemon.ts": {"path":"C:/Users/Skary/OneDrive/Área de Trabalho/pokedex-original/src/composables/useFavoritePokemon.ts","statementMap":{"0":{"start":{"line":7,"column":27},"end":{"line":7,"column":null}},"1":{"start":{"line":9,"column":29},"end":{"line":9,"column":null}},"2":{"start":{"line":10,"column":30},"end":{"line":10,"column":null}},"3":{"start":{"line":13,"column":32},"end":{"line":20,"column":null}},"4":{"start":{"line":14,"column":28},"end":{"line":16,"column":null}},"5":{"start":{"line":15,"column":6},"end":{"line":15,"column":null}},"6":{"start":{"line":17,"column":4},"end":{"line":19,"column":null}},"7":{"start":{"line":18,"column":46},"end":{"line":18,"column":null}},"8":{"start":{"line":23,"column":2},"end":{"line":23,"column":null}},"9":{"start":{"line":26,"column":4},"end":{"line":32,"column":null}},"10":{"start":{"line":27,"column":6},"end":{"line":29,"column":null}},"11":{"start":{"line":28,"column":15},"end":{"line":28,"column":null}},"12":{"start":{"line":31,"column":6},"end":{"line":31,"column":null}},"13":{"start":{"line":36,"column":4},"end":{"line":36,"column":null}},"14":{"start":{"line":39,"column":2},"end":{"line":44,"column":null}}},"fnMap":{"0":{"name":"useFavoritePokemon","decl":{"start":{"line":6,"column":16},"end":{"line":6,"column":37}},"loc":{"start":{"line":6,"column":37},"end":{"line":45,"column":null}}},"1":{"name":"(anonymous_1)","decl":{"start":{"line":13,"column":32},"end":{"line":13,"column":44}},"loc":{"start":{"line":13,"column":44},"end":{"line":20,"column":null}}},"2":{"name":"(anonymous_2)","decl":{"start":{"line":14,"column":55},"end":{"line":14,"column":56}},"loc":{"start":{"line":15,"column":6},"end":{"line":15,"column":null}}},"3":{"name":"(anonymous_3)","decl":{"start":{"line":18,"column":6},"end":{"line":18,"column":7}},"loc":{"start":{"line":18,"column":46},"end":{"line":18,"column":null}}},"4":{"name":"toggleFavorite","decl":{"start":{"line":25,"column":11},"end":{"line":25,"column":26}},"loc":{"start":{"line":25,"column":47},"end":{"line":33,"column":null}}},"5":{"name":"(anonymous_5)","decl":{"start":{"line":28,"column":8},"end":{"line":28,"column":9}},"loc":{"start":{"line":28,"column":15},"end":{"line":28,"column":null}}},"6":{"name":"isFavorite","decl":{"start":{"line":35,"column":11},"end":{"line":35,"column":22}},"loc":{"start":{"line":35,"column":43},"end":{"line":37,"column":null}}}},"branchMap":{"0":{"loc":{"start":{"line":26,"column":4},"end":{"line":32,"column":null}},"type":"if","locations":[{"start":{"line":26,"column":4},"end":{"line":32,"column":null}},{"start":{"line":30,"column":11},"end":{"line":32,"column":null}}]}},"s":{"0":0,"1":0,"2":0,"3":0,"4":0,"5":0,"6":0,"7":0,"8":0,"9":0,"10":0,"11":0,"12":0,"13":0,"14":0},"f":{"0":0,"1":0,"2":0,"3":0,"4":0,"5":0,"6":0},"b":{"0":[0,0]}}
,"C:/Users/Skary/OneDrive/Área de Trabalho/pokedex-original/src/composables/useFilteredPokemons.ts": {"path":"C:/Users/Skary/OneDrive/Área de Trabalho/pokedex-original/src/composables/useFilteredPokemons.ts","statementMap":{"0":{"start":{"line":9,"column":23},"end":{"line":9,"column":null}},"1":{"start":{"line":10,"column":26},"end":{"line":10,"column":null}},"2":{"start":{"line":12,"column":24},"end":{"line":12,"column":null}},"3":{"start":{"line":13,"column":23},"end":{"line":13,"column":null}},"4":{"start":{"line":14,"column":24},"end":{"line":14,"column":null}},"5":{"start":{"line":16,"column":29},"end":{"line":16,"column":null}},"6":{"start":{"line":18,"column":33},"end":{"line":49,"column":null}},"7":{"start":{"line":19,"column":4},"end":{"line":19,"column":null}},"8":{"start":{"line":22,"column":4},"end":{"line":24,"column":null}},"9":{"start":{"line":23,"column":6},"end":{"line":23,"column":null}},"10":{"start":{"line":26,"column":23},"end":{"line":26,"column":null}},"11":{"start":{"line":29,"column":24},"end":{"line":31,"column":null}},"12":{"start":{"line":30,"column":6},"end":{"line":30,"column":null}},"13":{"start":{"line":33,"column":4},"end":{"line":40,"column":null}},"14":{"start":{"line":35,"column":8},"end":{"line":35,"column":null}},"15":{"start":{"line":38,"column":6},"end":{"line":38,"column":null}},"16":{"start":{"line":39,"column":6},"end":{"line":39,"column":null}},"17":{"start":{"line":43,"column":19},"end":{"line":43,"column":null}},"18":{"start":{"line":44,"column":4},"end":{"line":48,"column":null}},"19":{"start":{"line":45,"column":35},"end":{"line":45,"column":79}},"20":{"start":{"line":47,"column":6},"end":{"line":47,"column":null}},"21":{"start":{"line":51,"column":31},"end":{"line":71,"column":null}},"22":{"start":{"line":52,"column":4},"end":{"line":54,"column":null}},"23":{"start":{"line":53,"column":6},"end":{"line":53,"column":null}},"24":{"start":{"line":56,"column":19},"end":{"line":58,"column":null}},"25":{"start":{"line":57,"column":6},"end":{"line":57,"column":null}},"26":{"start":{"line":57,"column":35},"end":{"line":57,"column":79}},"27":{"start":{"line":60,"column":4},"end":{"line":68,"column":null}},"28":{"start":{"line":61,"column":6},"end":{"line":63,"column":null}},"29":{"start":{"line":62,"column":8},"end":{"line":62,"column":null}},"30":{"start":{"line":65,"column":6},"end":{"line":67,"column":null}},"31":{"start":{"line":66,"column":8},"end":{"line":66,"column":null}},"32":{"start":{"line":70,"column":4},"end":{"line":70,"column":null}},"33":{"start":{"line":73,"column":27},"end":{"line":85,"column":null}},"34":{"start":{"line":74,"column":4},"end":{"line":80,"column":null}},"35":{"start":{"line":75,"column":6},"end":{"line":77,"column":null}},"36":{"start":{"line":76,"column":26},"end":{"line":76,"column":null}},"37":{"start":{"line":79,"column":6},"end":{"line":79,"column":null}},"38":{"start":{"line":82,"column":4},"end":{"line":84,"column":null}},"39":{"start":{"line":83,"column":6},"end":{"line":83,"column":null}},"40":{"start":{"line":87,"column":21},"end":{"line":90,"column":null}},"41":{"start":{"line":88,"column":4},"end":{"line":88,"column":null}},"42":{"start":{"line":89,"column":4},"end":{"line":89,"column":null}},"43":{"start":{"line":92,"column":25},"end":{"line":94,"column":null}},"44":{"start":{"line":93,"column":4},"end":{"line":93,"column":null}},"45":{"start":{"line":96,"column":2},"end":{"line":104,"column":null}}},"fnMap":{"0":{"name":"useFilteredPokemons","decl":{"start":{"line":8,"column":16},"end":{"line":8,"column":38}},"loc":{"start":{"line":8,"column":38},"end":{"line":105,"column":null}}},"1":{"name":"(anonymous_1)","decl":{"start":{"line":18,"column":47},"end":{"line":18,"column":59}},"loc":{"start":{"line":18,"column":59},"end":{"line":49,"column":5}}},"2":{"name":"(anonymous_2)","decl":{"start":{"line":29,"column":47},"end":{"line":29,"column":48}},"loc":{"start":{"line":30,"column":6},"end":{"line":30,"column":null}}},"3":{"name":"(anonymous_3)","decl":{"start":{"line":34,"column":31},"end":{"line":34,"column":32}},"loc":{"start":{"line":35,"column":8},"end":{"line":35,"column":null}}},"4":{"name":"(anonymous_4)","decl":{"start":{"line":45,"column":25},"end":{"line":45,"column":26}},"loc":{"start":{"line":45,"column":35},"end":{"line":45,"column":79}}},"5":{"name":"(anonymous_5)","decl":{"start":{"line":51,"column":40},"end":{"line":51,"column":46}},"loc":{"start":{"line":51,"column":46},"end":{"line":71,"column":3}}},"6":{"name":"(anonymous_6)","decl":{"start":{"line":56,"column":44},"end":{"line":56,"column":45}},"loc":{"start":{"line":57,"column":6},"end":{"line":57,"column":null}}},"7":{"name":"(anonymous_7)","decl":{"start":{"line":57,"column":25},"end":{"line":57,"column":26}},"loc":{"start":{"line":57,"column":35},"end":{"line":57,"column":79}}},"8":{"name":"(anonymous_8)","decl":{"start":{"line":61,"column":33},"end":{"line":61,"column":34}},"loc":{"start":{"line":62,"column":8},"end":{"line":62,"column":null}}},"9":{"name":"(anonymous_9)","decl":{"start":{"line":73,"column":27},"end":{"line":73,"column":28}},"loc":{"start":{"line":73,"column":45},"end":{"line":85,"column":null}}},"10":{"name":"(anonymous_10)","decl":{"start":{"line":76,"column":8},"end":{"line":76,"column":9}},"loc":{"start":{"line":76,"column":26},"end":{"line":76,"column":null}}},"11":{"name":"(anonymous_11)","decl":{"start":{"line":87,"column":21},"end":{"line":87,"column":27}},"loc":{"start":{"line":87,"column":27},"end":{"line":90,"column":null}}},"12":{"name":"(anonymous_12)","decl":{"start":{"line":92,"column":25},"end":{"line":92,"column":26}},"loc":{"start":{"line":92,"column":52},"end":{"line":94,"column":null}}}},"branchMap":{"0":{"loc":{"start":{"line":22,"column":4},"end":{"line":24,"column":null}},"type":"if","locations":[{"start":{"line":22,"column":4},"end":{"line":24,"column":null}},{"start":{},"end":{}}]},"1":{"loc":{"start":{"line":33,"column":4},"end":{"line":40,"column":null}},"type":"if","locations":[{"start":{"line":33,"column":4},"end":{"line":40,"column":null}},{"start":{},"end":{}}]},"2":{"loc":{"start":{"line":44,"column":4},"end":{"line":48,"column":null}},"type":"if","locations":[{"start":{"line":44,"column":4},"end":{"line":48,"column":null}},{"start":{},"end":{}}]},"3":{"loc":{"start":{"line":52,"column":4},"end":{"line":54,"column":null}},"type":"if","locations":[{"start":{"line":52,"column":4},"end":{"line":54,"column":null}},{"start":{},"end":{}}]},"4":{"loc":{"start":{"line":60,"column":4},"end":{"line":68,"column":null}},"type":"if","locations":[{"start":{"line":60,"column":4},"end":{"line":68,"column":null}},{"start":{},"end":{}}]},"5":{"loc":{"start":{"line":65,"column":6},"end":{"line":67,"column":null}},"type":"if","locations":[{"start":{"line":65,"column":6},"end":{"line":67,"column":null}},{"start":{},"end":{}}]},"6":{"loc":{"start":{"line":65,"column":10},"end":{"line":65,"column":55}},"type":"binary-expr","locations":[{"start":{"line":65,"column":10},"end":{"line":65,"column":35}},{"start":{"line":65,"column":35},"end":{"line":65,"column":55}}]},"7":{"loc":{"start":{"line":74,"column":4},"end":{"line":80,"column":null}},"type":"if","locations":[{"start":{"line":74,"column":4},"end":{"line":80,"column":null}},{"start":{"line":78,"column":11},"end":{"line":80,"column":null}}]},"8":{"loc":{"start":{"line":82,"column":4},"end":{"line":84,"column":null}},"type":"if","locations":[{"start":{"line":82,"column":4},"end":{"line":84,"column":null}},{"start":{},"end":{}}]},"9":{"loc":{"start":{"line":82,"column":8},"end":{"line":82,"column":70}},"type":"binary-expr","locations":[{"start":{"line":82,"column":8},"end":{"line":82,"column":42}},{"start":{"line":82,"column":42},"end":{"line":82,"column":70}}]}},"s":{"0":0,"1":0,"2":0,"3":0,"4":0,"5":0,"6":0,"7":0,"8":0,"9":0,"10":0,"11":0,"12":0,"13":0,"14":0,"15":0,"16":0,"17":0,"18":0,"19":0,"20":0,"21":0,"22":0,"23":0,"24":0,"25":0,"26":0,"27":0,"28":0,"29":0,"30":0,"31":0,"32":0,"33":0,"34":0,"35":0,"36":0,"37":0,"38":0,"39":0,"40":0,"41":0,"42":0,"43":0,"44":0,"45":0},"f":{"0":0,"1":0,"2":0,"3":0,"4":0,"5":0,"6":0,"7":0,"8":0,"9":0,"10":0,"11":0,"12":0},"b":{"0":[0,0],"1":[0,0],"2":[0,0],"3":[0,0],"4":[0,0],"5":[0,0],"6":[0,0],"7":[0,0],"8":[0,0],"9":[0,0]}}
,"C:/Users/Skary/OneDrive/Área de Trabalho/pokedex-original/src/lib/utils.ts": {"path":"C:/Users/Skary/OneDrive/Área de Trabalho/pokedex-original/src/lib/utils.ts","statementMap":{"0":{"start":{"line":5,"column":2},"end":{"line":5,"column":null}}},"fnMap":{"0":{"name":"cn","decl":{"start":{"line":4,"column":16},"end":{"line":4,"column":22}},"loc":{"start":{"line":4,"column":44},"end":{"line":6,"column":null}}}},"branchMap":{},"s":{"0":0},"f":{"0":0},"b":{}}
,"C:/Users/Skary/OneDrive/Área de Trabalho/pokedex-original/src/stores/pokemonStore.ts": {"path":"C:/Users/Skary/OneDrive/Área de Trabalho/pokedex-original/src/stores/pokemonStore.ts","statementMap":{"0":{"start":{"line":11,"column":31},"end":{"line":40,"column":null}},"1":{"start":{"line":18,"column":8},"end":{"line":18,"column":null}},"2":{"start":{"line":19,"column":31},"end":{"line":19,"column":null}},"3":{"start":{"line":20,"column":24},"end":{"line":20,"column":null}},"4":{"start":{"line":23,"column":29},"end":{"line":23,"column":null}},"5":{"start":{"line":24,"column":6},"end":{"line":29,"column":null}},"6":{"start":{"line":25,"column":31},"end":{"line":25,"column":null}},"7":{"start":{"line":26,"column":8},"end":{"line":28,"column":null}},"8":{"start":{"line":27,"column":10},"end":{"line":27,"column":null}},"9":{"start":{"line":30,"column":6},"end":{"line":30,"column":null}},"10":{"start":{"line":30,"column":39},"end":{"line":30,"column":56}},"11":{"start":{"line":33,"column":4},"end":{"line":38,"column":null}}},"fnMap":{"0":{"name":"(anonymous_0)","decl":{"start":{"line":13,"column":2},"end":{"line":13,"column":49}},"loc":{"start":{"line":13,"column":49},"end":{"line":39,"column":null}}},"1":{"name":"getListPokemons","decl":{"start":{"line":22,"column":19},"end":{"line":22,"column":37}},"loc":{"start":{"line":22,"column":37},"end":{"line":31,"column":null}}},"2":{"name":"(anonymous_2)","decl":{"start":{"line":30,"column":29},"end":{"line":30,"column":30}},"loc":{"start":{"line":30,"column":39},"end":{"line":30,"column":56}}}},"branchMap":{"0":{"loc":{"start":{"line":26,"column":8},"end":{"line":28,"column":null}},"type":"if","locations":[{"start":{"line":26,"column":8},"end":{"line":28,"column":null}},{"start":{},"end":{}}]}},"s":{"0":0,"1":0,"2":0,"3":0,"4":0,"5":0,"6":0,"7":0,"8":0,"9":0,"10":0,"11":0},"f":{"0":0,"1":0,"2":0},"b":{"0":[0,0]}}
,"C:/Users/Skary/OneDrive/Área de Trabalho/pokedex-original/src/utils/typeColors.ts": {"path":"C:/Users/Skary/OneDrive/Área de Trabalho/pokedex-original/src/utils/typeColors.ts","statementMap":{"0":{"start":{"line":1,"column":26},"end":{"line":20,"column":null}}},"fnMap":{},"branchMap":{},"s":{"0":0},"f":{},"b":{}}
,"C:/Users/Skary/OneDrive/Área de Trabalho/pokedex-original/src/views/Details.vue": {"path":"C:/Users/Skary/OneDrive/Área de Trabalho/pokedex-original/src/views/Details.vue","statementMap":{"0":{"start":{"line":132,"column":15},"end":{"line":132,"column":null}},"1":{"start":{"line":133,"column":27},"end":{"line":133,"column":null}},"2":{"start":{"line":134,"column":33},"end":{"line":134,"column":null}},"3":{"start":{"line":136,"column":14},"end":{"line":136,"column":null}},"4":{"start":{"line":138,"column":23},"end":{"line":138,"column":null}},"5":{"start":{"line":139,"column":19},"end":{"line":139,"column":null}},"6":{"start":{"line":140,"column":22},"end":{"line":140,"column":null}},"7":{"start":{"line":142,"column":25},"end":{"line":145,"column":null}},"8":{"start":{"line":143,"column":24},"end":{"line":143,"column":null}},"9":{"start":{"line":144,"column":4},"end":{"line":144,"column":null}},"10":{"start":{"line":146,"column":26},"end":{"line":158,"column":null}},"11":{"start":{"line":147,"column":4},"end":{"line":147,"column":null}},"12":{"start":{"line":149,"column":4},"end":{"line":149,"column":null}},"13":{"start":{"line":151,"column":4},"end":{"line":157,"column":null}},"14":{"start":{"line":152,"column":8},"end":{"line":152,"column":null}},"15":{"start":{"line":153,"column":8},"end":{"line":156,"column":null}},"16":{"start":{"line":154,"column":12},"end":{"line":154,"column":null}},"17":{"start":{"line":155,"column":12},"end":{"line":155,"column":null}},"18":{"start":{"line":160,"column":0},"end":{"line":162,"column":null}},"19":{"start":{"line":161,"column":4},"end":{"line":161,"column":null}},"20":{"start":{"line":164,"column":0},"end":{"line":164,"column":null}},"21":{"start":{"line":164,"column":19},"end":{"line":164,"column":38}},"22":{"start":{"line":167,"column":35},"end":{"line":167,"column":null}},"23":{"start":{"line":170,"column":8},"end":{"line":170,"column":null}},"24":{"start":{"line":170,"column":24},"end":{"line":170,"column":null}},"25":{"start":{"line":171,"column":25},"end":{"line":171,"column":null}},"26":{"start":{"line":172,"column":8},"end":{"line":174,"column":null}},"27":{"start":{"line":173,"column":12},"end":{"line":173,"column":null}},"28":{"start":{"line":176,"column":8},"end":{"line":178,"column":null}},"29":{"start":{"line":177,"column":12},"end":{"line":177,"column":null}},"30":{"start":{"line":181,"column":4},"end":{"line":181,"column":null}},"31":{"start":{"line":2,"column":10},"end":{"line":2,"column":null}},"32":{"start":{"line":12,"column":17},"end":{"line":12,"column":null}},"33":{"start":{"line":25,"column":21},"end":{"line":25,"column":null}},"34":{"start":{"line":27,"column":25},"end":{"line":27,"column":null}},"35":{"start":{"line":1,"column":0},"end":{"line":1,"column":null}},"36":{"start":{"line":30,"column":28},"end":{"line":30,"column":86}},"37":{"start":{"line":31,"column":29},"end":{"line":31,"column":null}},"38":{"start":{"line":38,"column":25},"end":{"line":38,"column":null}},"39":{"start":{"line":40,"column":29},"end":{"line":40,"column":null}},"40":{"start":{"line":43,"column":35},"end":{"line":43,"column":82}},"41":{"start":{"line":44,"column":37},"end":{"line":44,"column":null}},"42":{"start":{"line":45,"column":42},"end":{"line":45,"column":75}},"43":{"start":{"line":56,"column":21},"end":{"line":56,"column":null}},"44":{"start":{"line":57,"column":25},"end":{"line":57,"column":null}},"45":{"start":{"line":59,"column":29},"end":{"line":59,"column":null}},"46":{"start":{"line":77,"column":29},"end":{"line":77,"column":null}},"47":{"start":{"line":83,"column":39},"end":{"line":83,"column":74}},"48":{"start":{"line":87,"column":37},"end":{"line":87,"column":null}},"49":{"start":{"line":96,"column":39},"end":{"line":96,"column":74}},"50":{"start":{"line":100,"column":37},"end":{"line":100,"column":null}},"51":{"start":{"line":109,"column":39},"end":{"line":109,"column":74}},"52":{"start":{"line":19,"column":32},"end":{"line":19,"column":null}},"53":{"start":{"line":32,"column":28},"end":{"line":33,"column":61}},"54":{"start":{"line":82,"column":124},"end":{"line":83,"column":111}},"55":{"start":{"line":95,"column":124},"end":{"line":96,"column":112}},"56":{"start":{"line":108,"column":124},"end":{"line":109,"column":111}}},"fnMap":{"0":{"name":"(anonymous_1)","decl":{"start":{"line":142,"column":34},"end":{"line":142,"column":40}},"loc":{"start":{"line":142,"column":40},"end":{"line":145,"column":1}}},"1":{"name":"(anonymous_2)","decl":{"start":{"line":146,"column":26},"end":{"line":146,"column":38}},"loc":{"start":{"line":146,"column":38},"end":{"line":158,"column":null}}},"2":{"name":"(anonymous_3)","decl":{"start":{"line":153,"column":43},"end":{"line":153,"column":51}},"loc":{"start":{"line":153,"column":51},"end":{"line":156,"column":9}}},"3":{"name":"(anonymous_4)","decl":{"start":{"line":160,"column":10},"end":{"line":160,"column":22}},"loc":{"start":{"line":160,"column":22},"end":{"line":162,"column":1}}},"4":{"name":"(anonymous_5)","decl":{"start":{"line":164,"column":13},"end":{"line":164,"column":19}},"loc":{"start":{"line":164,"column":19},"end":{"line":164,"column":38}}},"5":{"name":"animateValue","decl":{"start":{"line":166,"column":9},"end":{"line":166,"column":22}},"loc":{"start":{"line":166,"column":86},"end":{"line":182,"column":null}}},"6":{"name":"step","decl":{"start":{"line":169,"column":13},"end":{"line":169,"column":18}},"loc":{"start":{"line":169,"column":37},"end":{"line":179,"column":null}}},"7":{"name":"(anonymous_10)","decl":{"start":{"line":19,"column":30},"end":{"line":19,"column":32}},"loc":{"start":{"line":19,"column":32},"end":{"line":19,"column":null}}},"8":{"name":"(anonymous_13)","decl":{"start":{"line":80,"column":36},"end":{"line":80,"column":42}},"loc":{"start":{"line":82,"column":124},"end":{"line":83,"column":111}}},"9":{"name":"(anonymous_14)","decl":{"start":{"line":93,"column":36},"end":{"line":93,"column":42}},"loc":{"start":{"line":95,"column":124},"end":{"line":96,"column":112}}},"10":{"name":"(anonymous_15)","decl":{"start":{"line":106,"column":36},"end":{"line":106,"column":42}},"loc":{"start":{"line":108,"column":124},"end":{"line":109,"column":111}}}},"branchMap":{"0":{"loc":{"start":{"line":151,"column":4},"end":{"line":157,"column":null}},"type":"if","locations":[{"start":{"line":151,"column":4},"end":{"line":157,"column":null}},{"start":{},"end":{}}]},"1":{"loc":{"start":{"line":166,"column":61},"end":{"line":166,"column":86}},"type":"default-arg","locations":[{"start":{"line":166,"column":80},"end":{"line":166,"column":86}}]},"2":{"loc":{"start":{"line":170,"column":8},"end":{"line":170,"column":null}},"type":"if","locations":[{"start":{"line":170,"column":8},"end":{"line":170,"column":null}},{"start":{},"end":{}}]},"3":{"loc":{"start":{"line":172,"column":8},"end":{"line":174,"column":null}},"type":"if","locations":[{"start":{"line":172,"column":8},"end":{"line":174,"column":null}},{"start":{},"end":{}}]},"4":{"loc":{"start":{"line":176,"column":8},"end":{"line":178,"column":null}},"type":"if","locations":[{"start":{"line":176,"column":8},"end":{"line":178,"column":null}},{"start":{},"end":{}}]},"5":{"loc":{"start":{"line":4,"column":19},"end":{"line":6,"column":null}},"type":"cond-expr","locations":[{"start":{"line":4,"column":19},"end":{"line":6,"column":null}}]},"6":{"loc":{"start":{"line":7,"column":8},"end":{"line":9,"column":null}},"type":"binary-expr","locations":[{"start":{"line":7,"column":8},"end":{"line":7,"column":null}},{"start":{"line":7,"column":8},"end":{"line":9,"column":null}}]},"7":{"loc":{"start":{"line":13,"column":23},"end":{"line":1,"column":null}},"type":"cond-expr","locations":[{"start":{"line":13,"column":23},"end":{"line":1,"column":null}},{"start":{"line":1,"column":0},"end":{"line":1,"column":null}}]},"8":{"loc":{"start":{"line":19,"column":30},"end":{"line":19,"column":null}},"type":"binary-expr","locations":[{"start":{"line":19,"column":30},"end":{"line":19,"column":32}},{"start":{"line":19,"column":30},"end":{"line":19,"column":null}}]},"9":{"loc":{"start":{"line":21,"column":68},"end":{"line":23,"column":25}},"type":"binary-expr","locations":[{"start":{"line":21,"column":68},"end":{"line":21,"column":71}},{"start":{"line":21,"column":68},"end":{"line":23,"column":25}}]},"10":{"loc":{"start":{"line":53,"column":26},"end":{"line":39,"column":81}},"type":"binary-expr","locations":[{"start":{"line":53,"column":26},"end":{"line":53,"column":null}},{"start":{"line":53,"column":26},"end":{"line":39,"column":81}}]},"11":{"loc":{"start":{"line":45,"column":75},"end":{"line":45,"column":194}},"type":"cond-expr","locations":[{"start":{"line":45,"column":148},"end":{"line":45,"column":180}},{"start":{"line":45,"column":180},"end":{"line":45,"column":194}}]},"12":{"loc":{"start":{"line":48,"column":54},"end":{"line":48,"column":null}},"type":"cond-expr","locations":[{"start":{"line":48,"column":86},"end":{"line":48,"column":118}},{"start":{"line":48,"column":118},"end":{"line":48,"column":null}}]},"13":{"loc":{"start":{"line":73,"column":26},"end":{"line":58,"column":78}},"type":"binary-expr","locations":[{"start":{"line":73,"column":26},"end":{"line":73,"column":null}},{"start":{"line":73,"column":26},"end":{"line":58,"column":78}}]},"14":{"loc":{"start":{"line":61,"column":38},"end":{"line":1,"column":null}},"type":"cond-expr","locations":[{"start":{"line":61,"column":61},"end":{"line":64,"column":65}},{"start":{"line":1,"column":0},"end":{"line":1,"column":null}}]},"15":{"loc":{"start":{"line":1,"column":0},"end":{"line":64,"column":65}},"type":"binary-expr","locations":[{"start":{"line":1,"column":0},"end":{"line":1,"column":null}},{"start":{"line":1,"column":0},"end":{"line":64,"column":65}}]},"16":{"loc":{"start":{"line":67,"column":38},"end":{"line":1,"column":null}},"type":"cond-expr","locations":[{"start":{"line":67,"column":61},"end":{"line":70,"column":68}},{"start":{"line":1,"column":0},"end":{"line":1,"column":null}}]},"17":{"loc":{"start":{"line":1,"column":0},"end":{"line":70,"column":68}},"type":"binary-expr","locations":[{"start":{"line":1,"column":0},"end":{"line":1,"column":null}},{"start":{"line":1,"column":0},"end":{"line":70,"column":68}}]},"18":{"loc":{"start":{"line":75,"column":31},"end":{"line":1,"column":null}},"type":"cond-expr","locations":[{"start":{"line":75,"column":31},"end":{"line":1,"column":null}},{"start":{"line":1,"column":0},"end":{"line":1,"column":null}}]},"19":{"loc":{"start":{"line":1,"column":0},"end":{"line":76,"column":78}},"type":"binary-expr","locations":[{"start":{"line":1,"column":0},"end":{"line":1,"column":null}},{"start":{"line":1,"column":0},"end":{"line":76,"column":78}}]},"20":{"loc":{"start":{"line":78,"column":39},"end":{"line":1,"column":null}},"type":"cond-expr","locations":[{"start":{"line":78,"column":50},"end":{"line":1,"column":null}},{"start":{"line":1,"column":0},"end":{"line":1,"column":null}}]},"21":{"loc":{"start":{"line":86,"column":39},"end":{"line":1,"column":null}},"type":"cond-expr","locations":[{"start":{"line":86,"column":50},"end":{"line":1,"column":null}},{"start":{"line":1,"column":0},"end":{"line":1,"column":null}}]},"22":{"loc":{"start":{"line":88,"column":61},"end":{"line":1,"column":null}},"type":"cond-expr","locations":[{"start":{"line":88,"column":72},"end":{"line":89,"column":77}},{"start":{"line":1,"column":0},"end":{"line":1,"column":null}}]},"23":{"loc":{"start":{"line":1,"column":0},"end":{"line":90,"column":67}},"type":"binary-expr","locations":[{"start":{"line":1,"column":0},"end":{"line":1,"column":null}},{"start":{"line":1,"column":0},"end":{"line":90,"column":67}}]},"24":{"loc":{"start":{"line":99,"column":39},"end":{"line":1,"column":null}},"type":"cond-expr","locations":[{"start":{"line":99,"column":50},"end":{"line":1,"column":null}},{"start":{"line":1,"column":0},"end":{"line":1,"column":null}}]},"25":{"loc":{"start":{"line":101,"column":61},"end":{"line":1,"column":null}},"type":"cond-expr","locations":[{"start":{"line":101,"column":72},"end":{"line":102,"column":78}},{"start":{"line":1,"column":0},"end":{"line":1,"column":null}}]},"26":{"loc":{"start":{"line":1,"column":0},"end":{"line":103,"column":67}},"type":"binary-expr","locations":[{"start":{"line":1,"column":0},"end":{"line":1,"column":null}},{"start":{"line":1,"column":0},"end":{"line":103,"column":67}}]}},"s":{"0":0,"1":0,"2":0,"3":0,"4":0,"5":0,"6":0,"7":0,"8":0,"9":0,"10":0,"11":0,"12":0,"13":0,"14":0,"15":0,"16":0,"17":0,"18":0,"19":0,"20":0,"21":0,"22":0,"23":0,"24":0,"25":0,"26":0,"27":0,"28":0,"29":0,"30":0,"31":0,"32":0,"33":0,"34":0,"35":0,"36":0,"37":0,"38":0,"39":0,"40":0,"41":0,"42":0,"43":0,"44":0,"45":0,"46":0,"47":0,"48":0,"49":0,"50":0,"51":0,"52":0,"53":0,"54":0,"55":0,"56":0},"f":{"0":0,"1":0,"2":0,"3":0,"4":0,"5":0,"6":0,"7":0,"8":0,"9":0,"10":0},"b":{"0":[0,0],"1":[0],"2":[0,0],"3":[0,0],"4":[0,0],"5":[0],"6":[0,0],"7":[0,0],"8":[0,0],"9":[0,0],"10":[0,0],"11":[0,0],"12":[0,0],"13":[0,0],"14":[0,0],"15":[0,0],"16":[0,0],"17":[0,0],"18":[0,0],"19":[0,0],"20":[0,0],"21":[0,0],"22":[0,0],"23":[0,0],"24":[0,0],"25":[0,0],"26":[0,0]}}
,"C:/Users/Skary/OneDrive/Área de Trabalho/pokedex-original/src/views/Home.vue": {"path":"C:/Users/Skary/OneDrive/Área de Trabalho/pokedex-original/src/views/Home.vue","statementMap":{"0":{"start":{"line":112,"column":15},"end":{"line":112,"column":null}},"1":{"start":{"line":113,"column":19},"end":{"line":113,"column":null}},"2":{"start":{"line":115,"column":32},"end":{"line":115,"column":null}},"3":{"start":{"line":117,"column":22},"end":{"line":117,"column":null}},"4":{"start":{"line":119,"column":20},"end":{"line":121,"column":null}},"5":{"start":{"line":120,"column":2},"end":{"line":120,"column":null}},"6":{"start":{"line":124,"column":21},"end":{"line":124,"column":null}},"7":{"start":{"line":125,"column":22},"end":{"line":125,"column":null}},"8":{"start":{"line":126,"column":28},"end":{"line":126,"column":null}},"9":{"start":{"line":128,"column":13},"end":{"line":128,"column":null}},"10":{"start":{"line":131,"column":0},"end":{"line":135,"column":null}},"11":{"start":{"line":132,"column":2},"end":{"line":132,"column":null}},"12":{"start":{"line":133,"column":2},"end":{"line":133,"column":null}},"13":{"start":{"line":134,"column":2},"end":{"line":134,"column":null}},"14":{"start":{"line":137,"column":20},"end":{"line":137,"column":null}},"15":{"start":{"line":139,"column":20},"end":{"line":158,"column":null}},"16":{"start":{"line":168,"column":4},"end":{"line":168,"column":null}},"17":{"start":{"line":170,"column":30},"end":{"line":172,"column":null}},"18":{"start":{"line":171,"column":2},"end":{"line":171,"column":null}},"19":{"start":{"line":175,"column":0},"end":{"line":185,"column":null}},"20":{"start":{"line":178,"column":4},"end":{"line":180,"column":null}},"21":{"start":{"line":179,"column":6},"end":{"line":179,"column":null}},"22":{"start":{"line":2,"column":8},"end":{"line":2,"column":null}},"23":{"start":{"line":13,"column":11},"end":{"line":13,"column":null}},"24":{"start":{"line":21,"column":15},"end":{"line":21,"column":null}},"25":{"start":{"line":22,"column":13},"end":{"line":22,"column":null}},"26":{"start":{"line":1,"column":0},"end":{"line":1,"column":null}},"27":{"start":{"line":32,"column":15},"end":{"line":32,"column":null}},"28":{"start":{"line":58,"column":15},"end":{"line":58,"column":null}},"29":{"start":{"line":59,"column":17},"end":{"line":59,"column":null}},"30":{"start":{"line":63,"column":17},"end":{"line":63,"column":null}},"31":{"start":{"line":76,"column":17},"end":{"line":76,"column":null}},"32":{"start":{"line":77,"column":15},"end":{"line":77,"column":null}},"33":{"start":{"line":86,"column":19},"end":{"line":86,"column":51}},"34":{"start":{"line":16,"column":24},"end":{"line":16,"column":38}},"35":{"start":{"line":25,"column":28},"end":{"line":25,"column":44}},"36":{"start":{"line":25,"column":51},"end":{"line":25,"column":null}},"37":{"start":{"line":34,"column":22},"end":{"line":34,"column":null}},"38":{"start":{"line":43,"column":47},"end":{"line":43,"column":null}},"39":{"start":{"line":49,"column":61},"end":{"line":50,"column":46}},"40":{"start":{"line":60,"column":14},"end":{"line":61,"column":91}},"41":{"start":{"line":61,"column":65},"end":{"line":61,"column":91}},"42":{"start":{"line":65,"column":24},"end":{"line":65,"column":38}},"43":{"start":{"line":66,"column":86},"end":{"line":66,"column":111}},"44":{"start":{"line":74,"column":10},"end":{"line":74,"column":86}}},"fnMap":{"0":{"name":"(anonymous_1)","decl":{"start":{"line":119,"column":29},"end":{"line":119,"column":35}},"loc":{"start":{"line":119,"column":35},"end":{"line":121,"column":1}}},"1":{"name":"(anonymous_2)","decl":{"start":{"line":131,"column":10},"end":{"line":131,"column":16}},"loc":{"start":{"line":131,"column":16},"end":{"line":135,"column":1}}},"2":{"name":"(anonymous_3)","decl":{"start":{"line":170,"column":30},"end":{"line":170,"column":36}},"loc":{"start":{"line":170,"column":36},"end":{"line":172,"column":null}}},"3":{"name":"(anonymous_4)","decl":{"start":{"line":177,"column":2},"end":{"line":177,"column":8}},"loc":{"start":{"line":177,"column":8},"end":{"line":181,"column":null}}},"4":{"name":"(anonymous_11)","decl":{"start":{"line":16,"column":22},"end":{"line":16,"column":24}},"loc":{"start":{"line":16,"column":24},"end":{"line":16,"column":38}}},"5":{"name":"(anonymous_12)","decl":{"start":{"line":1,"column":0},"end":{"line":1,"column":null}},"loc":{"start":{"line":25,"column":28},"end":{"line":25,"column":44}}},"6":{"name":"(anonymous_13)","decl":{"start":{"line":25,"column":49},"end":{"line":25,"column":51}},"loc":{"start":{"line":25,"column":51},"end":{"line":25,"column":null}}},"7":{"name":"(anonymous_14)","decl":{"start":{"line":34,"column":20},"end":{"line":34,"column":22}},"loc":{"start":{"line":34,"column":22},"end":{"line":34,"column":null}}},"8":{"name":"(anonymous_18)","decl":{"start":{"line":43,"column":45},"end":{"line":43,"column":47}},"loc":{"start":{"line":43,"column":47},"end":{"line":43,"column":null}}},"9":{"name":"(anonymous_19)","decl":{"start":{"line":49,"column":18},"end":{"line":49,"column":28}},"loc":{"start":{"line":49,"column":61},"end":{"line":50,"column":46}}},"10":{"name":"(anonymous_21)","decl":{"start":{"line":61,"column":63},"end":{"line":61,"column":65}},"loc":{"start":{"line":61,"column":65},"end":{"line":61,"column":91}}},"11":{"name":"(anonymous_22)","decl":{"start":{"line":65,"column":22},"end":{"line":65,"column":24}},"loc":{"start":{"line":65,"column":24},"end":{"line":65,"column":38}}},"12":{"name":"(anonymous_23)","decl":{"start":{"line":66,"column":84},"end":{"line":66,"column":86}},"loc":{"start":{"line":66,"column":86},"end":{"line":66,"column":111}}}},"branchMap":{"0":{"loc":{"start":{"line":120,"column":9},"end":{"line":120,"column":null}},"type":"cond-expr","locations":[{"start":{"line":120,"column":31},"end":{"line":120,"column":59}},{"start":{"line":120,"column":59},"end":{"line":120,"column":null}}]},"1":{"loc":{"start":{"line":178,"column":4},"end":{"line":180,"column":null}},"type":"if","locations":[{"start":{"line":178,"column":4},"end":{"line":180,"column":null}},{"start":{},"end":{}}]},"2":{"loc":{"start":{"line":178,"column":8},"end":{"line":178,"column":84}},"type":"binary-expr","locations":[{"start":{"line":178,"column":8},"end":{"line":178,"column":28}},{"start":{"line":178,"column":28},"end":{"line":178,"column":62}},{"start":{"line":178,"column":62},"end":{"line":178,"column":84}}]},"3":{"loc":{"start":{"line":4,"column":15},"end":{"line":6,"column":null}},"type":"cond-expr","locations":[{"start":{"line":4,"column":15},"end":{"line":6,"column":null}}]},"4":{"loc":{"start":{"line":7,"column":4},"end":{"line":9,"column":null}},"type":"binary-expr","locations":[{"start":{"line":7,"column":4},"end":{"line":7,"column":null}},{"start":{"line":7,"column":4},"end":{"line":9,"column":null}}]},"5":{"loc":{"start":{"line":20,"column":12},"end":{"line":14,"column":78}},"type":"binary-expr","locations":[{"start":{"line":20,"column":12},"end":{"line":20,"column":null}},{"start":{"line":20,"column":12},"end":{"line":14,"column":78}}]},"6":{"loc":{"start":{"line":14,"column":73},"end":{"line":15,"column":70}},"type":"binary-expr","locations":[{"start":{"line":14,"column":73},"end":{"line":14,"column":78}},{"start":{"line":14,"column":73},"end":{"line":15,"column":70}}]},"7":{"loc":{"start":{"line":16,"column":22},"end":{"line":16,"column":38}},"type":"binary-expr","locations":[{"start":{"line":16,"column":22},"end":{"line":16,"column":24}},{"start":{"line":16,"column":22},"end":{"line":16,"column":38}}]},"8":{"loc":{"start":{"line":17,"column":41},"end":{"line":18,"column":59}},"type":"cond-expr","locations":[{"start":{"line":17,"column":41},"end":{"line":17,"column":65}},{"start":{"line":17,"column":58},"end":{"line":18,"column":59}}]},"9":{"loc":{"start":{"line":56,"column":14},"end":{"line":29,"column":65}},"type":"cond-expr","locations":[{"start":{"line":23,"column":22},"end":{"line":28,"column":null}},{"start":{"line":28,"column":10},"end":{"line":29,"column":65}}]},"10":{"loc":{"start":{"line":27,"column":16},"end":{"line":24,"column":62}},"type":"binary-expr","locations":[{"start":{"line":27,"column":16},"end":{"line":27,"column":null}},{"start":{"line":27,"column":16},"end":{"line":24,"column":62}}]},"11":{"loc":{"start":{"line":1,"column":0},"end":{"line":25,"column":44}},"type":"binary-expr","locations":[{"start":{"line":1,"column":0},"end":{"line":1,"column":null}},{"start":{"line":1,"column":0},"end":{"line":25,"column":44}}]},"12":{"loc":{"start":{"line":25,"column":49},"end":{"line":25,"column":null}},"type":"binary-expr","locations":[{"start":{"line":25,"column":49},"end":{"line":25,"column":51}},{"start":{"line":25,"column":49},"end":{"line":25,"column":null}}]},"13":{"loc":{"start":{"line":25,"column":51},"end":{"line":25,"column":null}},"type":"binary-expr","locations":[{"start":{"line":25,"column":51},"end":{"line":25,"column":null}},{"start":{"line":25,"column":51},"end":{"line":25,"column":null}}]},"14":{"loc":{"start":{"line":1,"column":0},"end":{"line":29,"column":65}},"type":"binary-expr","locations":[{"start":{"line":1,"column":0},"end":{"line":1,"column":null}},{"start":{"line":1,"column":0},"end":{"line":29,"column":65}}]},"15":{"loc":{"start":{"line":54,"column":16},"end":{"line":1,"column":null}},"type":"cond-expr","locations":[{"start":{"line":33,"column":96},"end":{"line":1,"column":null}},{"start":{"line":1,"column":0},"end":{"line":1,"column":null}}]},"16":{"loc":{"start":{"line":34,"column":20},"end":{"line":34,"column":null}},"type":"binary-expr","locations":[{"start":{"line":34,"column":20},"end":{"line":34,"column":22}},{"start":{"line":34,"column":20},"end":{"line":34,"column":null}}]},"17":{"loc":{"start":{"line":35,"column":40},"end":{"line":36,"column":60}},"type":"binary-expr","locations":[{"start":{"line":35,"column":40},"end":{"line":35,"column":43}},{"start":{"line":35,"column":40},"end":{"line":36,"column":60}}]},"18":{"loc":{"start":{"line":43,"column":45},"end":{"line":43,"column":null}},"type":"binary-expr","locations":[{"start":{"line":43,"column":45},"end":{"line":43,"column":47}},{"start":{"line":43,"column":45},"end":{"line":43,"column":null}}]},"19":{"loc":{"start":{"line":44,"column":33},"end":{"line":45,"column":103}},"type":"cond-expr","locations":[{"start":{"line":44,"column":33},"end":{"line":44,"column":110}},{"start":{"line":44,"column":97},"end":{"line":45,"column":103}}]},"20":{"loc":{"start":{"line":49,"column":61},"end":{"line":50,"column":46}},"type":"cond-expr","locations":[{"start":{"line":49,"column":28},"end":{"line":49,"column":61}},{"start":{"line":49,"column":57},"end":{"line":50,"column":46}}]},"21":{"loc":{"start":{"line":65,"column":22},"end":{"line":65,"column":38}},"type":"binary-expr","locations":[{"start":{"line":65,"column":22},"end":{"line":65,"column":24}},{"start":{"line":65,"column":22},"end":{"line":65,"column":38}}]},"22":{"loc":{"start":{"line":66,"column":84},"end":{"line":66,"column":111}},"type":"binary-expr","locations":[{"start":{"line":66,"column":84},"end":{"line":66,"column":86}},{"start":{"line":66,"column":84},"end":{"line":66,"column":111}}]},"23":{"loc":{"start":{"line":78,"column":23},"end":{"line":1,"column":null}},"type":"cond-expr","locations":[{"start":{"line":78,"column":23},"end":{"line":81,"column":42}},{"start":{"line":81,"column":28},"end":{"line":1,"column":null}}]},"24":{"loc":{"start":{"line":81,"column":28},"end":{"line":1,"column":null}},"type":"cond-expr","locations":[{"start":{"line":81,"column":48},"end":{"line":85,"column":49}},{"start":{"line":85,"column":28},"end":{"line":1,"column":null}}]},"25":{"loc":{"start":{"line":84,"column":18},"end":{"line":83,"column":20}},"type":"binary-expr","locations":[{"start":{"line":84,"column":18},"end":{"line":84,"column":null}},{"start":{"line":84,"column":18},"end":{"line":83,"column":20}}]},"26":{"loc":{"start":{"line":85,"column":28},"end":{"line":1,"column":null}},"type":"cond-expr","locations":[{"start":{"line":85,"column":55},"end":{"line":1,"column":null}},{"start":{"line":1,"column":0},"end":{"line":1,"column":null}}]},"27":{"loc":{"start":{"line":89,"column":20},"end":{"line":88,"column":22}},"type":"binary-expr","locations":[{"start":{"line":89,"column":20},"end":{"line":89,"column":null}},{"start":{"line":89,"column":20},"end":{"line":88,"column":22}}]}},"s":{"0":0,"1":0,"2":0,"3":0,"4":0,"5":0,"6":0,"7":0,"8":0,"9":0,"10":0,"11":0,"12":0,"13":0,"14":0,"15":0,"16":0,"17":0,"18":0,"19":0,"20":0,"21":0,"22":0,"23":0,"24":0,"25":0,"26":0,"27":0,"28":0,"29":0,"30":0,"31":0,"32":0,"33":0,"34":0,"35":0,"36":0,"37":0,"38":0,"39":0,"40":0,"41":0,"42":0,"43":0,"44":0},"f":{"0":0,"1":0,"2":0,"3":0,"4":0,"5":0,"6":0,"7":0,"8":0,"9":0,"10":0,"11":0,"12":0},"b":{"0":[0,0],"1":[0,0],"2":[0,0,0],"3":[0],"4":[0,0],"5":[0,0],"6":[0,0],"7":[0,0],"8":[0,0],"9":[0,0],"10":[0,0],"11":[0,0],"12":[0,0],"13":[0,0],"14":[0,0],"15":[0,0],"16":[0,0],"17":[0,0],"18":[0,0],"19":[0,0],"20":[0,0],"21":[0,0],"22":[0,0],"23":[0,0],"24":[0,0],"25":[0,0],"26":[0,0],"27":[0,0]}}
}
