{"C:/Users/Skary/OneDrive/Área de Trabalho/pokedex-original/tailwind.config.js": {"path":"C:/Users/Skary/OneDrive/Área de Trabalho/pokedex-original/tailwind.config.js","statementMap":{"0":{"start":{"line":1,"column":16},"end":{"line":1,"column":46}},"1":{"start":{"line":4,"column":0},"end":{"line":98,"column":2}}},"fnMap":{},"branchMap":{},"s":{"0":0,"1":0},"f":{},"b":{}}
,"C:/Users/Skary/OneDrive/Área de Trabalho/pokedex-original/src/main.ts": {"path":"C:/Users/Skary/OneDrive/Área de Trabalho/pokedex-original/src/main.ts","statementMap":{"0":{"start":{"line":9,"column":14},"end":{"line":9,"column":null}},"1":{"start":{"line":11,"column":12},"end":{"line":11,"column":null}},"2":{"start":{"line":12,"column":0},"end":{"line":12,"column":null}},"3":{"start":{"line":13,"column":0},"end":{"line":13,"column":null}},"4":{"start":{"line":14,"column":0},"end":{"line":14,"column":null}},"5":{"start":{"line":15,"column":0},"end":{"line":15,"column":null}}},"fnMap":{},"branchMap":{},"s":{"0":0,"1":0,"2":0,"3":0,"4":0,"5":0},"f":{},"b":{}}
,"C:/Users/Skary/OneDrive/Área de Trabalho/pokedex-original/src/router.ts": {"path":"C:/Users/Skary/OneDrive/Área de Trabalho/pokedex-original/src/router.ts","statementMap":{"0":{"start":{"line":3,"column":15},"end":{"line":14,"column":null}},"1":{"start":{"line":7,"column":21},"end":{"line":7,"column":null}},"2":{"start":{"line":12,"column":21},"end":{"line":12,"column":null}},"3":{"start":{"line":16,"column":15},"end":{"line":19,"column":null}}},"fnMap":{"0":{"name":"(anonymous_0)","decl":{"start":{"line":7,"column":15},"end":{"line":7,"column":21}},"loc":{"start":{"line":7,"column":21},"end":{"line":7,"column":null}}},"1":{"name":"(anonymous_1)","decl":{"start":{"line":12,"column":15},"end":{"line":12,"column":21}},"loc":{"start":{"line":12,"column":21},"end":{"line":12,"column":null}}}},"branchMap":{},"s":{"0":0,"1":0,"2":0,"3":0},"f":{"0":0,"1":0},"b":{}}
,"C:/Users/Skary/OneDrive/Área de Trabalho/pokedex-original/src/api/usePokemonByType.ts": {"path":"C:/Users/Skary/OneDrive/Área de Trabalho/pokedex-original/src/api/usePokemonByType.ts","statementMap":{"0":{"start":{"line":4,"column":22},"end":{"line":4,"column":null}},"1":{"start":{"line":7,"column":24},"end":{"line":29,"column":null}},"2":{"start":{"line":8,"column":8},"end":{"line":8,"column":null}},"3":{"start":{"line":9,"column":8},"end":{"line":28,"column":null}},"4":{"start":{"line":10,"column":29},"end":{"line":10,"column":null}},"5":{"start":{"line":11,"column":32},"end":{"line":11,"column":null}},"6":{"start":{"line":14,"column":37},"end":{"line":14,"column":null}},"7":{"start":{"line":17,"column":42},"end":{"line":20,"column":null}},"8":{"start":{"line":17,"column":79},"end":{"line":20,"column":14}},"9":{"start":{"line":22,"column":12},"end":{"line":22,"column":null}},"10":{"start":{"line":24,"column":12},"end":{"line":24,"column":null}},"11":{"start":{"line":27,"column":12},"end":{"line":27,"column":null}},"12":{"start":{"line":32,"column":4},"end":{"line":35,"column":null}}},"fnMap":{"0":{"name":"usePokemonByType","decl":{"start":{"line":3,"column":16},"end":{"line":3,"column":35}},"loc":{"start":{"line":3,"column":35},"end":{"line":36,"column":null}}},"1":{"name":"(anonymous_1)","decl":{"start":{"line":7,"column":24},"end":{"line":7,"column":31}},"loc":{"start":{"line":7,"column":72},"end":{"line":29,"column":null}}},"2":{"name":"(anonymous_2)","decl":{"start":{"line":17,"column":63},"end":{"line":17,"column":64}},"loc":{"start":{"line":17,"column":79},"end":{"line":20,"column":14}}}},"branchMap":{"0":{"loc":{"start":{"line":7,"column":45},"end":{"line":7,"column":57}},"type":"default-arg","locations":[{"start":{"line":7,"column":54},"end":{"line":7,"column":57}}]},"1":{"loc":{"start":{"line":7,"column":57},"end":{"line":7,"column":72}},"type":"default-arg","locations":[{"start":{"line":7,"column":65},"end":{"line":7,"column":72}}]}},"s":{"0":8,"1":8,"2":3,"3":3,"4":3,"5":2,"6":2,"7":2,"8":22,"9":2,"10":1,"11":3,"12":8},"f":{"0":8,"1":3,"2":22},"b":{"0":[1],"1":[1]}}
,"C:/Users/Skary/OneDrive/Área de Trabalho/pokedex-original/src/api/usePokemonDetails.ts": {"path":"C:/Users/Skary/OneDrive/Área de Trabalho/pokedex-original/src/api/usePokemonDetails.ts","statementMap":{"0":{"start":{"line":7,"column":4},"end":{"line":9,"column":null}},"1":{"start":{"line":8,"column":6},"end":{"line":8,"column":null}},"2":{"start":{"line":11,"column":4},"end":{"line":41,"column":null}},"3":{"start":{"line":12,"column":23},"end":{"line":14,"column":null}},"4":{"start":{"line":15,"column":6},"end":{"line":17,"column":null}},"5":{"start":{"line":16,"column":8},"end":{"line":16,"column":null}},"6":{"start":{"line":18,"column":57},"end":{"line":18,"column":null}},"7":{"start":{"line":19,"column":20},"end":{"line":19,"column":null}},"8":{"start":{"line":20,"column":6},"end":{"line":34,"column":null}},"9":{"start":{"line":36,"column":6},"end":{"line":39,"column":null}},"10":{"start":{"line":40,"column":6},"end":{"line":40,"column":null}},"11":{"start":{"line":44,"column":2},"end":{"line":46,"column":null}}},"fnMap":{"0":{"name":"usePokemonDetails","decl":{"start":{"line":3,"column":16},"end":{"line":3,"column":36}},"loc":{"start":{"line":3,"column":36},"end":{"line":47,"column":null}}},"1":{"name":"getEachPokemon","decl":{"start":{"line":4,"column":17},"end":{"line":4,"column":null}},"loc":{"start":{"line":6,"column":36},"end":{"line":42,"column":null}}}},"branchMap":{"0":{"loc":{"start":{"line":7,"column":4},"end":{"line":9,"column":null}},"type":"if","locations":[{"start":{"line":7,"column":4},"end":{"line":9,"column":null}},{"start":{},"end":{}}]},"1":{"loc":{"start":{"line":15,"column":6},"end":{"line":17,"column":null}},"type":"if","locations":[{"start":{"line":15,"column":6},"end":{"line":17,"column":null}},{"start":{},"end":{}}]},"2":{"loc":{"start":{"line":26,"column":10},"end":{"line":28,"column":null}},"type":"cond-expr","locations":[{"start":{"line":27,"column":14},"end":{"line":27,"column":null}},{"start":{"line":28,"column":14},"end":{"line":28,"column":null}}]},"3":{"loc":{"start":{"line":38,"column":8},"end":{"line":38,"column":null}},"type":"cond-expr","locations":[{"start":{"line":38,"column":33},"end":{"line":38,"column":49}},{"start":{"line":38,"column":49},"end":{"line":38,"column":null}}]}},"s":{"0":95,"1":3,"2":92,"3":92,"4":84,"5":0,"6":84,"7":84,"8":84,"9":1,"10":1,"11":20},"f":{"0":20,"1":95},"b":{"0":[3,92],"1":[0,84],"2":[2,82],"3":[1,0]}}
,"C:/Users/Skary/OneDrive/Área de Trabalho/pokedex-original/src/api/usePokemonEvolution.ts": {"path":"C:/Users/Skary/OneDrive/Área de Trabalho/pokedex-original/src/api/usePokemonEvolution.ts","statementMap":{"0":{"start":{"line":5,"column":29},"end":{"line":5,"column":null}},"1":{"start":{"line":8,"column":4},"end":{"line":19,"column":null}},"2":{"start":{"line":9,"column":23},"end":{"line":11,"column":null}},"3":{"start":{"line":12,"column":6},"end":{"line":14,"column":null}},"4":{"start":{"line":13,"column":8},"end":{"line":13,"column":null}},"5":{"start":{"line":15,"column":6},"end":{"line":15,"column":null}},"6":{"start":{"line":17,"column":6},"end":{"line":17,"column":null}},"7":{"start":{"line":18,"column":6},"end":{"line":18,"column":null}},"8":{"start":{"line":25,"column":4},"end":{"line":50,"column":null}},"9":{"start":{"line":26,"column":19},"end":{"line":26,"column":null}},"10":{"start":{"line":27,"column":32},"end":{"line":27,"column":null}},"11":{"start":{"line":28,"column":6},"end":{"line":30,"column":null}},"12":{"start":{"line":29,"column":8},"end":{"line":29,"column":null}},"13":{"start":{"line":31,"column":24},"end":{"line":31,"column":null}},"14":{"start":{"line":33,"column":29},"end":{"line":33,"column":null}},"15":{"start":{"line":34,"column":30},"end":{"line":34,"column":null}},"16":{"start":{"line":36,"column":6},"end":{"line":46,"column":null}},"17":{"start":{"line":48,"column":6},"end":{"line":48,"column":null}},"18":{"start":{"line":49,"column":6},"end":{"line":49,"column":null}},"19":{"start":{"line":53,"column":2},"end":{"line":53,"column":null}}},"fnMap":{"0":{"name":"usePokemonEvolution","decl":{"start":{"line":4,"column":16},"end":{"line":4,"column":38}},"loc":{"start":{"line":4,"column":38},"end":{"line":54,"column":null}}},"1":{"name":"getPokemonSpecies","decl":{"start":{"line":7,"column":17},"end":{"line":7,"column":35}},"loc":{"start":{"line":7,"column":61},"end":{"line":20,"column":null}}},"2":{"name":"getPokemonEvolutions","decl":{"start":{"line":22,"column":17},"end":{"line":22,"column":null}},"loc":{"start":{"line":24,"column":45},"end":{"line":51,"column":null}}}},"branchMap":{"0":{"loc":{"start":{"line":12,"column":6},"end":{"line":14,"column":null}},"type":"if","locations":[{"start":{"line":12,"column":6},"end":{"line":14,"column":null}},{"start":{},"end":{}}]},"1":{"loc":{"start":{"line":17,"column":66},"end":{"line":17,"column":120}},"type":"cond-expr","locations":[{"start":{"line":17,"column":91},"end":{"line":17,"column":107}},{"start":{"line":17,"column":107},"end":{"line":17,"column":120}}]},"2":{"loc":{"start":{"line":28,"column":6},"end":{"line":30,"column":null}},"type":"if","locations":[{"start":{"line":28,"column":6},"end":{"line":30,"column":null}},{"start":{},"end":{}}]},"3":{"loc":{"start":{"line":33,"column":29},"end":{"line":33,"column":null}},"type":"binary-expr","locations":[{"start":{"line":33,"column":29},"end":{"line":33,"column":52}},{"start":{"line":33,"column":52},"end":{"line":33,"column":null}}]},"4":{"loc":{"start":{"line":34,"column":30},"end":{"line":34,"column":null}},"type":"binary-expr","locations":[{"start":{"line":34,"column":30},"end":{"line":34,"column":63}},{"start":{"line":34,"column":63},"end":{"line":34,"column":null}}]},"5":{"loc":{"start":{"line":39,"column":10},"end":{"line":39,"column":null}},"type":"binary-expr","locations":[{"start":{"line":39,"column":10},"end":{"line":39,"column":29}},{"start":{"line":39,"column":29},"end":{"line":39,"column":null}}]},"6":{"loc":{"start":{"line":41,"column":10},"end":{"line":41,"column":null}},"type":"binary-expr","locations":[{"start":{"line":41,"column":10},"end":{"line":41,"column":30}},{"start":{"line":41,"column":30},"end":{"line":41,"column":null}}]},"7":{"loc":{"start":{"line":43,"column":10},"end":{"line":43,"column":null}},"type":"binary-expr","locations":[{"start":{"line":43,"column":10},"end":{"line":43,"column":61}},{"start":{"line":43,"column":61},"end":{"line":43,"column":null}}]},"8":{"loc":{"start":{"line":45,"column":10},"end":{"line":45,"column":null}},"type":"binary-expr","locations":[{"start":{"line":45,"column":10},"end":{"line":45,"column":62}},{"start":{"line":45,"column":62},"end":{"line":45,"column":null}}]},"9":{"loc":{"start":{"line":48,"column":68},"end":{"line":48,"column":122}},"type":"cond-expr","locations":[{"start":{"line":48,"column":93},"end":{"line":48,"column":109}},{"start":{"line":48,"column":109},"end":{"line":48,"column":122}}]}},"s":{"0":4,"1":4,"2":4,"3":3,"4":1,"5":2,"6":2,"7":2,"8":4,"9":4,"10":2,"11":2,"12":0,"13":2,"14":2,"15":2,"16":2,"17":2,"18":2,"19":4},"f":{"0":4,"1":4,"2":4},"b":{"0":[1,2],"1":[2,0],"2":[0,2],"3":[2,1],"4":[2,1],"5":[2,1],"6":[2,1],"7":[2,1],"8":[2,1],"9":[2,0]}}
,"C:/Users/Skary/OneDrive/Área de Trabalho/pokedex-original/src/api/usePokemonList.ts": {"path":"C:/Users/Skary/OneDrive/Área de Trabalho/pokedex-original/src/api/usePokemonList.ts","statementMap":{"0":{"start":{"line":5,"column":22},"end":{"line":5,"column":null}},"1":{"start":{"line":6,"column":20},"end":{"line":6,"column":null}},"2":{"start":{"line":7,"column":19},"end":{"line":7,"column":null}},"3":{"start":{"line":10,"column":4},"end":{"line":10,"column":null}},"4":{"start":{"line":10,"column":25},"end":{"line":10,"column":null}},"5":{"start":{"line":12,"column":4},"end":{"line":12,"column":null}},"6":{"start":{"line":13,"column":4},"end":{"line":30,"column":null}},"7":{"start":{"line":14,"column":23},"end":{"line":18,"column":null}},"8":{"start":{"line":19,"column":6},"end":{"line":21,"column":null}},"9":{"start":{"line":20,"column":8},"end":{"line":20,"column":null}},"10":{"start":{"line":22,"column":40},"end":{"line":22,"column":null}},"11":{"start":{"line":23,"column":6},"end":{"line":23,"column":null}},"12":{"start":{"line":24,"column":6},"end":{"line":24,"column":null}},"13":{"start":{"line":26,"column":6},"end":{"line":26,"column":null}},"14":{"start":{"line":27,"column":6},"end":{"line":27,"column":null}},"15":{"start":{"line":29,"column":6},"end":{"line":29,"column":null}},"16":{"start":{"line":33,"column":2},"end":{"line":37,"column":null}}},"fnMap":{"0":{"name":"usePokemonList","decl":{"start":{"line":4,"column":16},"end":{"line":4,"column":33}},"loc":{"start":{"line":4,"column":33},"end":{"line":38,"column":null}}},"1":{"name":"getListPokemons","decl":{"start":{"line":9,"column":17},"end":{"line":9,"column":63}},"loc":{"start":{"line":9,"column":63},"end":{"line":31,"column":null}}}},"branchMap":{"0":{"loc":{"start":{"line":10,"column":4},"end":{"line":10,"column":null}},"type":"if","locations":[{"start":{"line":10,"column":4},"end":{"line":10,"column":null}},{"start":{},"end":{}}]},"1":{"loc":{"start":{"line":19,"column":6},"end":{"line":21,"column":null}},"type":"if","locations":[{"start":{"line":19,"column":6},"end":{"line":21,"column":null}},{"start":{},"end":{}}]},"2":{"loc":{"start":{"line":26,"column":50},"end":{"line":26,"column":104}},"type":"cond-expr","locations":[{"start":{"line":26,"column":75},"end":{"line":26,"column":91}},{"start":{"line":26,"column":91},"end":{"line":26,"column":104}}]}},"s":{"0":12,"1":12,"2":12,"3":9,"4":1,"5":8,"6":8,"7":8,"8":6,"9":0,"10":6,"11":6,"12":6,"13":2,"14":2,"15":8,"16":12},"f":{"0":12,"1":9},"b":{"0":[1,8],"1":[0,6],"2":[2,0]}}
,"C:/Users/Skary/OneDrive/Área de Trabalho/pokedex-original/src/components/BadgeType.vue": {"path":"C:/Users/Skary/OneDrive/Área de Trabalho/pokedex-original/src/components/BadgeType.vue","statementMap":{"0":{"start":{"line":13,"column":14},"end":{"line":13,"column":null}},"1":{"start":{"line":15,"column":14},"end":{"line":15,"column":null}},"2":{"start":{"line":20,"column":18},"end":{"line":22,"column":null}},"3":{"start":{"line":21,"column":4},"end":{"line":21,"column":null}},"4":{"start":{"line":2,"column":4},"end":{"line":4,"column":null}}},"fnMap":{"0":{"name":"(anonymous_1)","decl":{"start":{"line":20,"column":27},"end":{"line":20,"column":33}},"loc":{"start":{"line":20,"column":33},"end":{"line":22,"column":1}}}},"branchMap":{"0":{"loc":{"start":{"line":21,"column":11},"end":{"line":21,"column":null}},"type":"binary-expr","locations":[{"start":{"line":21,"column":11},"end":{"line":21,"column":82}},{"start":{"line":21,"column":82},"end":{"line":21,"column":null}}]}},"s":{"0":0,"1":0,"2":0,"3":0,"4":0},"f":{"0":0},"b":{"0":[0,0]}}
,"C:/Users/Skary/OneDrive/Área de Trabalho/pokedex-original/src/components/Card.vue": {"path":"C:/Users/Skary/OneDrive/Área de Trabalho/pokedex-original/src/components/Card.vue","statementMap":{"0":{"start":{"line":43,"column":76},"end":{"line":43,"column":null}},"1":{"start":{"line":44,"column":39},"end":{"line":44,"column":null}},"2":{"start":{"line":4,"column":12},"end":{"line":4,"column":null}},"3":{"start":{"line":5,"column":17},"end":{"line":5,"column":null}},"4":{"start":{"line":6,"column":19},"end":{"line":6,"column":38}},"5":{"start":{"line":7,"column":21},"end":{"line":7,"column":null}},"6":{"start":{"line":21,"column":17},"end":{"line":21,"column":null}},"7":{"start":{"line":1,"column":0},"end":{"line":1,"column":null}},"8":{"start":{"line":25,"column":17},"end":{"line":25,"column":null}},"9":{"start":{"line":26,"column":19},"end":{"line":26,"column":56}},"10":{"start":{"line":27,"column":21},"end":{"line":27,"column":null}},"11":{"start":{"line":2,"column":4},"end":{"line":1,"column":null}},"12":{"start":{"line":8,"column":49},"end":{"line":8,"column":null}},"13":{"start":{"line":13,"column":49},"end":{"line":13,"column":null}},"14":{"start":{"line":28,"column":20},"end":{"line":29,"column":60}}},"fnMap":{"0":{"name":"(anonymous_4)","decl":{"start":{"line":1,"column":0},"end":{"line":1,"column":null}},"loc":{"start":{"line":8,"column":49},"end":{"line":8,"column":null}}}},"branchMap":{"0":{"loc":{"start":{"line":8,"column":34},"end":{"line":8,"column":null}},"type":"binary-expr","locations":[{"start":{"line":8,"column":34},"end":{"line":8,"column":49}},{"start":{"line":8,"column":34},"end":{"line":8,"column":null}}]},"1":{"loc":{"start":{"line":8,"column":49},"end":{"line":8,"column":null}},"type":"cond-expr","locations":[{"start":{"line":8,"column":82},"end":{"line":8,"column":112}},{"start":{"line":8,"column":112},"end":{"line":8,"column":null}}]},"2":{"loc":{"start":{"line":9,"column":36},"end":{"line":10,"column":130}},"type":"cond-expr","locations":[{"start":{"line":9,"column":65},"end":{"line":9,"column":120}},{"start":{"line":9,"column":107},"end":{"line":10,"column":130}}]},"3":{"loc":{"start":{"line":10,"column":44},"end":{"line":10,"column":111}},"type":"cond-expr","locations":[{"start":{"line":10,"column":69},"end":{"line":10,"column":111}},{"start":{"line":10,"column":69},"end":{"line":10,"column":111}}]},"4":{"loc":{"start":{"line":13,"column":34},"end":{"line":13,"column":null}},"type":"binary-expr","locations":[{"start":{"line":13,"column":34},"end":{"line":13,"column":49}},{"start":{"line":13,"column":34},"end":{"line":13,"column":null}}]}},"s":{"0":0,"1":0,"2":0,"3":0,"4":0,"5":0,"6":0,"7":0,"8":0,"9":0,"10":0,"11":0,"12":0,"13":0,"14":0},"f":{"0":0},"b":{"0":[0,0],"1":[0,0],"2":[0,0],"3":[0,0],"4":[0,0]}}
,"C:/Users/Skary/OneDrive/Área de Trabalho/pokedex-original/src/components/PokemonComparisonCard.vue": {"path":"C:/Users/Skary/OneDrive/Área de Trabalho/pokedex-original/src/components/PokemonComparisonCard.vue","statementMap":{"0":{"start":{"line":87,"column":14},"end":{"line":87,"column":null}},"1":{"start":{"line":91,"column":43},"end":{"line":91,"column":null}},"2":{"start":{"line":93,"column":19},"end":{"line":93,"column":null}},"3":{"start":{"line":94,"column":16},"end":{"line":94,"column":null}},"4":{"start":{"line":96,"column":21},"end":{"line":98,"column":null}},"5":{"start":{"line":97,"column":2},"end":{"line":97,"column":null}},"6":{"start":{"line":100,"column":23},"end":{"line":103,"column":null}},"7":{"start":{"line":101,"column":15},"end":{"line":101,"column":null}},"8":{"start":{"line":101,"column":69},"end":{"line":101,"column":93}},"9":{"start":{"line":102,"column":2},"end":{"line":102,"column":null}},"10":{"start":{"line":105,"column":27},"end":{"line":109,"column":null}},"11":{"start":{"line":106,"column":2},"end":{"line":108,"column":null}},"12":{"start":{"line":107,"column":4},"end":{"line":107,"column":null}},"13":{"start":{"line":111,"column":0},"end":{"line":113,"column":null}},"14":{"start":{"line":112,"column":2},"end":{"line":112,"column":null}},"15":{"start":{"line":115,"column":0},"end":{"line":117,"column":null}},"16":{"start":{"line":116,"column":2},"end":{"line":116,"column":null}},"17":{"start":{"line":9,"column":9},"end":{"line":9,"column":null}},"18":{"start":{"line":10,"column":11},"end":{"line":10,"column":null}},"19":{"start":{"line":11,"column":13},"end":{"line":11,"column":null}},"20":{"start":{"line":1,"column":0},"end":{"line":1,"column":null}},"21":{"start":{"line":30,"column":13},"end":{"line":30,"column":null}},"22":{"start":{"line":53,"column":13},"end":{"line":53,"column":null}},"23":{"start":{"line":55,"column":17},"end":{"line":55,"column":98}},"24":{"start":{"line":56,"column":17},"end":{"line":56,"column":null}},"25":{"start":{"line":3,"column":10},"end":{"line":1,"column":null}},"26":{"start":{"line":1,"column":0},"end":{"line":13,"column":null}},"27":{"start":{"line":13,"column":56},"end":{"line":13,"column":null}},"28":{"start":{"line":1,"column":0},"end":{"line":32,"column":null}},"29":{"start":{"line":32,"column":56},"end":{"line":32,"column":null}},"30":{"start":{"line":52,"column":27},"end":{"line":52,"column":46}}},"fnMap":{"0":{"name":"(anonymous_1)","decl":{"start":{"line":96,"column":21},"end":{"line":96,"column":27}},"loc":{"start":{"line":96,"column":27},"end":{"line":98,"column":null}}},"1":{"name":"(anonymous_2)","decl":{"start":{"line":100,"column":23},"end":{"line":100,"column":24}},"loc":{"start":{"line":100,"column":59},"end":{"line":103,"column":null}}},"2":{"name":"(anonymous_3)","decl":{"start":{"line":101,"column":34},"end":{"line":101,"column":35}},"loc":{"start":{"line":101,"column":69},"end":{"line":101,"column":93}}},"3":{"name":"(anonymous_4)","decl":{"start":{"line":105,"column":27},"end":{"line":105,"column":28}},"loc":{"start":{"line":105,"column":45},"end":{"line":109,"column":null}}},"4":{"name":"(anonymous_5)","decl":{"start":{"line":111,"column":10},"end":{"line":111,"column":16}},"loc":{"start":{"line":111,"column":16},"end":{"line":113,"column":1}}},"5":{"name":"(anonymous_6)","decl":{"start":{"line":115,"column":12},"end":{"line":115,"column":18}},"loc":{"start":{"line":115,"column":18},"end":{"line":117,"column":1}}},"6":{"name":"(anonymous_8)","decl":{"start":{"line":1,"column":0},"end":{"line":1,"column":null}},"loc":{"start":{"line":1,"column":0},"end":{"line":13,"column":null}}},"7":{"name":"(anonymous_10)","decl":{"start":{"line":52,"column":25},"end":{"line":52,"column":27}},"loc":{"start":{"line":52,"column":27},"end":{"line":52,"column":46}}}},"branchMap":{"0":{"loc":{"start":{"line":102,"column":9},"end":{"line":102,"column":null}},"type":"cond-expr","locations":[{"start":{"line":102,"column":16},"end":{"line":102,"column":33}},{"start":{"line":102,"column":33},"end":{"line":102,"column":null}}]},"1":{"loc":{"start":{"line":106,"column":2},"end":{"line":108,"column":null}},"type":"if","locations":[{"start":{"line":106,"column":2},"end":{"line":108,"column":null}},{"start":{},"end":{}}]},"2":{"loc":{"start":{"line":106,"column":6},"end":{"line":106,"column":94}},"type":"binary-expr","locations":[{"start":{"line":106,"column":6},"end":{"line":106,"column":23}},{"start":{"line":106,"column":23},"end":{"line":106,"column":55}},{"start":{"line":106,"column":55},"end":{"line":106,"column":94}}]},"3":{"loc":{"start":{"line":3,"column":10},"end":{"line":1,"column":null}},"type":"cond-expr","locations":[{"start":{"line":3,"column":22},"end":{"line":1,"column":null}},{"start":{"line":1,"column":0},"end":{"line":1,"column":null}}]},"4":{"loc":{"start":{"line":3,"column":10},"end":{"line":3,"column":null}},"type":"binary-expr","locations":[{"start":{"line":3,"column":10},"end":{"line":3,"column":22}},{"start":{"line":3,"column":22},"end":{"line":3,"column":null}}]},"5":{"loc":{"start":{"line":12,"column":26},"end":{"line":26,"column":18}},"type":"cond-expr","locations":[{"start":{"line":12,"column":26},"end":{"line":24,"column":17}},{"start":{"line":24,"column":12},"end":{"line":26,"column":18}}]},"6":{"loc":{"start":{"line":13,"column":26},"end":{"line":13,"column":null}},"type":"binary-expr","locations":[{"start":{"line":13,"column":26},"end":{"line":13,"column":44}},{"start":{"line":13,"column":26},"end":{"line":13,"column":null}}]},"7":{"loc":{"start":{"line":1,"column":0},"end":{"line":13,"column":null}},"type":"if","locations":[{"start":{"line":1,"column":0},"end":{"line":13,"column":null}},{"start":{},"end":{}}]},"8":{"loc":{"start":{"line":29,"column":8},"end":{"line":29,"column":19}},"type":"binary-expr","locations":[{"start":{"line":29,"column":8},"end":{"line":29,"column":12}},{"start":{"line":29,"column":8},"end":{"line":29,"column":19}}]},"9":{"loc":{"start":{"line":31,"column":26},"end":{"line":45,"column":18}},"type":"cond-expr","locations":[{"start":{"line":31,"column":26},"end":{"line":43,"column":17}},{"start":{"line":43,"column":12},"end":{"line":45,"column":18}}]},"10":{"loc":{"start":{"line":32,"column":26},"end":{"line":32,"column":null}},"type":"binary-expr","locations":[{"start":{"line":32,"column":26},"end":{"line":32,"column":44}},{"start":{"line":32,"column":26},"end":{"line":32,"column":null}}]},"11":{"loc":{"start":{"line":1,"column":0},"end":{"line":32,"column":null}},"type":"if","locations":[{"start":{"line":1,"column":0},"end":{"line":32,"column":null}},{"start":{},"end":{}}]},"12":{"loc":{"start":{"line":49,"column":17},"end":{"line":1,"column":null}},"type":"cond-expr","locations":[{"start":{"line":49,"column":17},"end":{"line":1,"column":null}},{"start":{"line":1,"column":0},"end":{"line":1,"column":null}}]},"13":{"loc":{"start":{"line":52,"column":25},"end":{"line":52,"column":46}},"type":"binary-expr","locations":[{"start":{"line":52,"column":25},"end":{"line":52,"column":27}},{"start":{"line":52,"column":25},"end":{"line":52,"column":46}}]}},"s":{"0":0,"1":0,"2":0,"3":0,"4":0,"5":0,"6":0,"7":0,"8":0,"9":0,"10":0,"11":0,"12":0,"13":0,"14":0,"15":0,"16":0,"17":0,"18":0,"19":0,"20":0,"21":0,"22":0,"23":0,"24":0,"25":0,"26":0,"27":0,"28":0,"29":0,"30":0},"f":{"0":0,"1":0,"2":0,"3":0,"4":0,"5":0,"6":0,"7":0},"b":{"0":[0,0],"1":[0,0],"2":[0,0,0],"3":[0,0],"4":[0,0],"5":[0,0],"6":[0,0],"7":[0,0],"8":[0,0],"9":[0,0],"10":[0,0],"11":[0,0],"12":[0,0],"13":[0,0]}}
,"C:/Users/Skary/OneDrive/Área de Trabalho/pokedex-original/src/components/ui/progress/Progress.vue": {"path":"C:/Users/Skary/OneDrive/Área de Trabalho/pokedex-original/src/components/ui/progress/Progress.vue","statementMap":{"0":{"start":{"line":10,"column":14},"end":{"line":10,"column":null}},"1":{"start":{"line":17,"column":23},"end":{"line":21,"column":null}},"2":{"start":{"line":18,"column":37},"end":{"line":18,"column":null}},"3":{"start":{"line":20,"column":2},"end":{"line":20,"column":null}},"4":{"start":{"line":25,"column":2},"end":{"line":1,"column":null}}},"fnMap":{"0":{"name":"(anonymous_1)","decl":{"start":{"line":17,"column":32},"end":{"line":17,"column":38}},"loc":{"start":{"line":17,"column":38},"end":{"line":21,"column":1}}}},"branchMap":{"0":{"loc":{"start":{"line":36,"column":47},"end":{"line":36,"column":null}},"type":"binary-expr","locations":[{"start":{"line":36,"column":47},"end":{"line":36,"column":63}},{"start":{"line":36,"column":63},"end":{"line":36,"column":null}}]}},"s":{"0":0,"1":0,"2":0,"3":0,"4":0},"f":{"0":0},"b":{"0":[0,0]}}
,"C:/Users/Skary/OneDrive/Área de Trabalho/pokedex-original/src/components/ui/tooltip/Tooltip.vue": {"path":"C:/Users/Skary/OneDrive/Área de Trabalho/pokedex-original/src/components/ui/tooltip/Tooltip.vue","statementMap":{"0":{"start":{"line":4,"column":14},"end":{"line":4,"column":null}},"1":{"start":{"line":5,"column":14},"end":{"line":5,"column":null}},"2":{"start":{"line":7,"column":18},"end":{"line":7,"column":null}},"3":{"start":{"line":12,"column":12},"end":{"line":12,"column":null}}},"fnMap":{"0":{"name":"(anonymous_3)","decl":{"start":{"line":12,"column":4},"end":{"line":12,"column":12}},"loc":{"start":{"line":12,"column":12},"end":{"line":12,"column":null}}}},"branchMap":{},"s":{"0":0,"1":0,"2":0,"3":0},"f":{"0":0},"b":{}}
,"C:/Users/Skary/OneDrive/Área de Trabalho/pokedex-original/src/components/ui/tooltip/TooltipContent.vue": {"path":"C:/Users/Skary/OneDrive/Área de Trabalho/pokedex-original/src/components/ui/tooltip/TooltipContent.vue","statementMap":{"0":{"start":{"line":10,"column":14},"end":{"line":10,"column":null}},"1":{"start":{"line":14,"column":14},"end":{"line":14,"column":null}},"2":{"start":{"line":16,"column":23},"end":{"line":20,"column":null}},"3":{"start":{"line":17,"column":37},"end":{"line":17,"column":null}},"4":{"start":{"line":19,"column":2},"end":{"line":19,"column":null}},"5":{"start":{"line":22,"column":18},"end":{"line":22,"column":null}},"6":{"start":{"line":26,"column":2},"end":{"line":1,"column":null}},"7":{"start":{"line":28,"column":14},"end":{"line":28,"column":null}}},"fnMap":{"0":{"name":"(anonymous_1)","decl":{"start":{"line":16,"column":32},"end":{"line":16,"column":38}},"loc":{"start":{"line":16,"column":38},"end":{"line":20,"column":1}}},"1":{"name":"(anonymous_7)","decl":{"start":{"line":28,"column":6},"end":{"line":28,"column":14}},"loc":{"start":{"line":28,"column":14},"end":{"line":28,"column":null}}}},"branchMap":{},"s":{"0":0,"1":0,"2":0,"3":0,"4":0,"5":0,"6":0,"7":0},"f":{"0":0,"1":0},"b":{}}
,"C:/Users/Skary/OneDrive/Área de Trabalho/pokedex-original/src/components/ui/tooltip/TooltipProvider.vue": {"path":"C:/Users/Skary/OneDrive/Área de Trabalho/pokedex-original/src/components/ui/tooltip/TooltipProvider.vue","statementMap":{"0":{"start":{"line":4,"column":14},"end":{"line":4,"column":null}},"1":{"start":{"line":9,"column":12},"end":{"line":9,"column":null}}},"fnMap":{"0":{"name":"(anonymous_3)","decl":{"start":{"line":9,"column":4},"end":{"line":9,"column":12}},"loc":{"start":{"line":9,"column":12},"end":{"line":9,"column":null}}}},"branchMap":{},"s":{"0":0,"1":0},"f":{"0":0},"b":{}}
,"C:/Users/Skary/OneDrive/Área de Trabalho/pokedex-original/src/components/ui/tooltip/TooltipTrigger.vue": {"path":"C:/Users/Skary/OneDrive/Área de Trabalho/pokedex-original/src/components/ui/tooltip/TooltipTrigger.vue","statementMap":{"0":{"start":{"line":4,"column":14},"end":{"line":4,"column":null}},"1":{"start":{"line":9,"column":12},"end":{"line":9,"column":null}}},"fnMap":{"0":{"name":"(anonymous_3)","decl":{"start":{"line":9,"column":4},"end":{"line":9,"column":12}},"loc":{"start":{"line":9,"column":12},"end":{"line":9,"column":null}}}},"branchMap":{},"s":{"0":0,"1":0},"f":{"0":0},"b":{}}
,"C:/Users/Skary/OneDrive/Área de Trabalho/pokedex-original/src/composables/useComparePokemons.ts": {"path":"C:/Users/Skary/OneDrive/Área de Trabalho/pokedex-original/src/composables/useComparePokemons.ts","statementMap":{"0":{"start":{"line":7,"column":28},"end":{"line":7,"column":null}},"1":{"start":{"line":8,"column":31},"end":{"line":8,"column":null}},"2":{"start":{"line":9,"column":31},"end":{"line":9,"column":null}},"3":{"start":{"line":12,"column":33},"end":{"line":17,"column":null}},"4":{"start":{"line":13,"column":32},"end":{"line":13,"column":null}},"5":{"start":{"line":13,"column":68},"end":{"line":13,"column":88}},"6":{"start":{"line":14,"column":8},"end":{"line":16,"column":null}},"7":{"start":{"line":15,"column":52},"end":{"line":15,"column":null}},"8":{"start":{"line":20,"column":4},"end":{"line":20,"column":null}},"9":{"start":{"line":22,"column":23},"end":{"line":26,"column":null}},"10":{"start":{"line":23,"column":8},"end":{"line":25,"column":null}},"11":{"start":{"line":24,"column":12},"end":{"line":24,"column":null}},"12":{"start":{"line":28,"column":26},"end":{"line":30,"column":null}},"13":{"start":{"line":29,"column":8},"end":{"line":29,"column":null}},"14":{"start":{"line":29,"column":66},"end":{"line":29,"column":83}},"15":{"start":{"line":32,"column":28},"end":{"line":34,"column":null}},"16":{"start":{"line":33,"column":8},"end":{"line":33,"column":null}},"17":{"start":{"line":36,"column":26},"end":{"line":36,"column":null}},"18":{"start":{"line":36,"column":41},"end":{"line":36,"column":73}},"19":{"start":{"line":38,"column":29},"end":{"line":40,"column":null}},"20":{"start":{"line":39,"column":8},"end":{"line":39,"column":null}},"21":{"start":{"line":42,"column":4},"end":{"line":50,"column":null}}},"fnMap":{"0":{"name":"useComparePokemons","decl":{"start":{"line":6,"column":16},"end":{"line":6,"column":37}},"loc":{"start":{"line":6,"column":37},"end":{"line":51,"column":null}}},"1":{"name":"(anonymous_1)","decl":{"start":{"line":12,"column":33},"end":{"line":12,"column":45}},"loc":{"start":{"line":12,"column":45},"end":{"line":17,"column":null}}},"2":{"name":"(anonymous_2)","decl":{"start":{"line":13,"column":58},"end":{"line":13,"column":59}},"loc":{"start":{"line":13,"column":68},"end":{"line":13,"column":88}}},"3":{"name":"(anonymous_3)","decl":{"start":{"line":15,"column":12},"end":{"line":15,"column":13}},"loc":{"start":{"line":15,"column":52},"end":{"line":15,"column":null}}},"4":{"name":"(anonymous_4)","decl":{"start":{"line":22,"column":23},"end":{"line":22,"column":24}},"loc":{"start":{"line":22,"column":48},"end":{"line":26,"column":null}}},"5":{"name":"(anonymous_5)","decl":{"start":{"line":28,"column":26},"end":{"line":28,"column":27}},"loc":{"start":{"line":28,"column":51},"end":{"line":30,"column":null}}},"6":{"name":"(anonymous_6)","decl":{"start":{"line":29,"column":61},"end":{"line":29,"column":66}},"loc":{"start":{"line":29,"column":66},"end":{"line":29,"column":83}}},"7":{"name":"(anonymous_7)","decl":{"start":{"line":32,"column":28},"end":{"line":32,"column":34}},"loc":{"start":{"line":32,"column":34},"end":{"line":34,"column":null}}},"8":{"name":"(anonymous_8)","decl":{"start":{"line":36,"column":35},"end":{"line":36,"column":41}},"loc":{"start":{"line":36,"column":41},"end":{"line":36,"column":73}}},"9":{"name":"(anonymous_9)","decl":{"start":{"line":38,"column":29},"end":{"line":38,"column":30}},"loc":{"start":{"line":38,"column":54},"end":{"line":40,"column":null}}}},"branchMap":{"0":{"loc":{"start":{"line":23,"column":8},"end":{"line":25,"column":null}},"type":"if","locations":[{"start":{"line":23,"column":8},"end":{"line":25,"column":null}},{"start":{},"end":{}}]},"1":{"loc":{"start":{"line":23,"column":12},"end":{"line":23,"column":94}},"type":"binary-expr","locations":[{"start":{"line":23,"column":12},"end":{"line":23,"column":48}},{"start":{"line":23,"column":48},"end":{"line":23,"column":94}}]}},"s":{"0":6,"1":6,"2":6,"3":6,"4":16,"5":7,"6":16,"7":0,"8":6,"9":6,"10":8,"11":5,"12":6,"13":3,"14":4,"15":6,"16":1,"17":6,"18":2,"19":6,"20":2,"21":6},"f":{"0":6,"1":16,"2":7,"3":0,"4":8,"5":3,"6":4,"7":1,"8":2,"9":2},"b":{"0":[5,3],"1":[8,8]}}
,"C:/Users/Skary/OneDrive/Área de Trabalho/pokedex-original/src/composables/useFavoritePokemon.ts": {"path":"C:/Users/Skary/OneDrive/Área de Trabalho/pokedex-original/src/composables/useFavoritePokemon.ts","statementMap":{"0":{"start":{"line":7,"column":27},"end":{"line":7,"column":null}},"1":{"start":{"line":9,"column":29},"end":{"line":9,"column":null}},"2":{"start":{"line":10,"column":30},"end":{"line":10,"column":null}},"3":{"start":{"line":13,"column":32},"end":{"line":20,"column":null}},"4":{"start":{"line":14,"column":28},"end":{"line":16,"column":null}},"5":{"start":{"line":15,"column":6},"end":{"line":15,"column":null}},"6":{"start":{"line":17,"column":4},"end":{"line":19,"column":null}},"7":{"start":{"line":18,"column":46},"end":{"line":18,"column":null}},"8":{"start":{"line":23,"column":2},"end":{"line":23,"column":null}},"9":{"start":{"line":26,"column":4},"end":{"line":32,"column":null}},"10":{"start":{"line":27,"column":6},"end":{"line":29,"column":null}},"11":{"start":{"line":28,"column":15},"end":{"line":28,"column":null}},"12":{"start":{"line":31,"column":6},"end":{"line":31,"column":null}},"13":{"start":{"line":36,"column":4},"end":{"line":36,"column":null}},"14":{"start":{"line":39,"column":2},"end":{"line":44,"column":null}}},"fnMap":{"0":{"name":"useFavoritePokemon","decl":{"start":{"line":6,"column":16},"end":{"line":6,"column":37}},"loc":{"start":{"line":6,"column":37},"end":{"line":45,"column":null}}},"1":{"name":"(anonymous_1)","decl":{"start":{"line":13,"column":32},"end":{"line":13,"column":44}},"loc":{"start":{"line":13,"column":44},"end":{"line":20,"column":null}}},"2":{"name":"(anonymous_2)","decl":{"start":{"line":14,"column":55},"end":{"line":14,"column":56}},"loc":{"start":{"line":15,"column":6},"end":{"line":15,"column":null}}},"3":{"name":"(anonymous_3)","decl":{"start":{"line":18,"column":6},"end":{"line":18,"column":7}},"loc":{"start":{"line":18,"column":46},"end":{"line":18,"column":null}}},"4":{"name":"toggleFavorite","decl":{"start":{"line":25,"column":11},"end":{"line":25,"column":26}},"loc":{"start":{"line":25,"column":47},"end":{"line":33,"column":null}}},"5":{"name":"(anonymous_5)","decl":{"start":{"line":28,"column":8},"end":{"line":28,"column":9}},"loc":{"start":{"line":28,"column":15},"end":{"line":28,"column":null}}},"6":{"name":"isFavorite","decl":{"start":{"line":35,"column":11},"end":{"line":35,"column":22}},"loc":{"start":{"line":35,"column":43},"end":{"line":37,"column":null}}}},"branchMap":{"0":{"loc":{"start":{"line":26,"column":4},"end":{"line":32,"column":null}},"type":"if","locations":[{"start":{"line":26,"column":4},"end":{"line":32,"column":null}},{"start":{"line":30,"column":11},"end":{"line":32,"column":null}}]}},"s":{"0":5,"1":5,"2":5,"3":5,"4":14,"5":8,"6":14,"7":8,"8":5,"9":2,"10":1,"11":1,"12":1,"13":4,"14":5},"f":{"0":5,"1":14,"2":8,"3":8,"4":2,"5":1,"6":4},"b":{"0":[1,1]}}
,"C:/Users/Skary/OneDrive/Área de Trabalho/pokedex-original/src/composables/useFilteredPokemons.ts": {"path":"C:/Users/Skary/OneDrive/Área de Trabalho/pokedex-original/src/composables/useFilteredPokemons.ts","statementMap":{"0":{"start":{"line":9,"column":23},"end":{"line":9,"column":null}},"1":{"start":{"line":10,"column":26},"end":{"line":10,"column":null}},"2":{"start":{"line":12,"column":24},"end":{"line":12,"column":null}},"3":{"start":{"line":13,"column":23},"end":{"line":13,"column":null}},"4":{"start":{"line":14,"column":24},"end":{"line":14,"column":null}},"5":{"start":{"line":16,"column":29},"end":{"line":16,"column":null}},"6":{"start":{"line":18,"column":33},"end":{"line":49,"column":null}},"7":{"start":{"line":19,"column":4},"end":{"line":19,"column":null}},"8":{"start":{"line":22,"column":4},"end":{"line":24,"column":null}},"9":{"start":{"line":23,"column":6},"end":{"line":23,"column":null}},"10":{"start":{"line":26,"column":23},"end":{"line":26,"column":null}},"11":{"start":{"line":29,"column":24},"end":{"line":31,"column":null}},"12":{"start":{"line":30,"column":6},"end":{"line":30,"column":null}},"13":{"start":{"line":33,"column":4},"end":{"line":40,"column":null}},"14":{"start":{"line":35,"column":8},"end":{"line":35,"column":null}},"15":{"start":{"line":38,"column":6},"end":{"line":38,"column":null}},"16":{"start":{"line":39,"column":6},"end":{"line":39,"column":null}},"17":{"start":{"line":43,"column":19},"end":{"line":43,"column":null}},"18":{"start":{"line":44,"column":4},"end":{"line":48,"column":null}},"19":{"start":{"line":45,"column":35},"end":{"line":45,"column":79}},"20":{"start":{"line":47,"column":6},"end":{"line":47,"column":null}},"21":{"start":{"line":51,"column":31},"end":{"line":71,"column":null}},"22":{"start":{"line":52,"column":4},"end":{"line":54,"column":null}},"23":{"start":{"line":53,"column":6},"end":{"line":53,"column":null}},"24":{"start":{"line":56,"column":19},"end":{"line":58,"column":null}},"25":{"start":{"line":57,"column":6},"end":{"line":57,"column":null}},"26":{"start":{"line":57,"column":35},"end":{"line":57,"column":79}},"27":{"start":{"line":60,"column":4},"end":{"line":68,"column":null}},"28":{"start":{"line":61,"column":6},"end":{"line":63,"column":null}},"29":{"start":{"line":62,"column":8},"end":{"line":62,"column":null}},"30":{"start":{"line":65,"column":6},"end":{"line":67,"column":null}},"31":{"start":{"line":66,"column":8},"end":{"line":66,"column":null}},"32":{"start":{"line":70,"column":4},"end":{"line":70,"column":null}},"33":{"start":{"line":70,"column":35},"end":{"line":70,"column":52}},"34":{"start":{"line":73,"column":27},"end":{"line":85,"column":null}},"35":{"start":{"line":74,"column":4},"end":{"line":80,"column":null}},"36":{"start":{"line":75,"column":6},"end":{"line":77,"column":null}},"37":{"start":{"line":76,"column":26},"end":{"line":76,"column":null}},"38":{"start":{"line":79,"column":6},"end":{"line":79,"column":null}},"39":{"start":{"line":82,"column":4},"end":{"line":84,"column":null}},"40":{"start":{"line":83,"column":6},"end":{"line":83,"column":null}},"41":{"start":{"line":87,"column":21},"end":{"line":90,"column":null}},"42":{"start":{"line":88,"column":4},"end":{"line":88,"column":null}},"43":{"start":{"line":89,"column":4},"end":{"line":89,"column":null}},"44":{"start":{"line":92,"column":25},"end":{"line":94,"column":null}},"45":{"start":{"line":93,"column":4},"end":{"line":93,"column":null}},"46":{"start":{"line":96,"column":2},"end":{"line":104,"column":null}}},"fnMap":{"0":{"name":"useFilteredPokemons","decl":{"start":{"line":8,"column":16},"end":{"line":8,"column":38}},"loc":{"start":{"line":8,"column":38},"end":{"line":105,"column":null}}},"1":{"name":"(anonymous_1)","decl":{"start":{"line":18,"column":47},"end":{"line":18,"column":59}},"loc":{"start":{"line":18,"column":59},"end":{"line":49,"column":5}}},"2":{"name":"(anonymous_2)","decl":{"start":{"line":29,"column":47},"end":{"line":29,"column":48}},"loc":{"start":{"line":30,"column":6},"end":{"line":30,"column":null}}},"3":{"name":"(anonymous_3)","decl":{"start":{"line":34,"column":31},"end":{"line":34,"column":32}},"loc":{"start":{"line":35,"column":8},"end":{"line":35,"column":null}}},"4":{"name":"(anonymous_4)","decl":{"start":{"line":45,"column":25},"end":{"line":45,"column":26}},"loc":{"start":{"line":45,"column":35},"end":{"line":45,"column":79}}},"5":{"name":"(anonymous_5)","decl":{"start":{"line":51,"column":40},"end":{"line":51,"column":46}},"loc":{"start":{"line":51,"column":46},"end":{"line":71,"column":3}}},"6":{"name":"(anonymous_6)","decl":{"start":{"line":56,"column":44},"end":{"line":56,"column":45}},"loc":{"start":{"line":57,"column":6},"end":{"line":57,"column":null}}},"7":{"name":"(anonymous_7)","decl":{"start":{"line":57,"column":25},"end":{"line":57,"column":26}},"loc":{"start":{"line":57,"column":35},"end":{"line":57,"column":79}}},"8":{"name":"(anonymous_8)","decl":{"start":{"line":61,"column":33},"end":{"line":61,"column":34}},"loc":{"start":{"line":62,"column":8},"end":{"line":62,"column":null}}},"9":{"name":"(anonymous_9)","decl":{"start":{"line":70,"column":25},"end":{"line":70,"column":26}},"loc":{"start":{"line":70,"column":35},"end":{"line":70,"column":52}}},"10":{"name":"(anonymous_10)","decl":{"start":{"line":73,"column":27},"end":{"line":73,"column":28}},"loc":{"start":{"line":73,"column":45},"end":{"line":85,"column":null}}},"11":{"name":"(anonymous_11)","decl":{"start":{"line":76,"column":8},"end":{"line":76,"column":9}},"loc":{"start":{"line":76,"column":26},"end":{"line":76,"column":null}}},"12":{"name":"(anonymous_12)","decl":{"start":{"line":87,"column":21},"end":{"line":87,"column":27}},"loc":{"start":{"line":87,"column":27},"end":{"line":90,"column":null}}},"13":{"name":"(anonymous_13)","decl":{"start":{"line":92,"column":25},"end":{"line":92,"column":26}},"loc":{"start":{"line":92,"column":52},"end":{"line":94,"column":null}}}},"branchMap":{"0":{"loc":{"start":{"line":22,"column":4},"end":{"line":24,"column":null}},"type":"if","locations":[{"start":{"line":22,"column":4},"end":{"line":24,"column":null}},{"start":{},"end":{}}]},"1":{"loc":{"start":{"line":33,"column":4},"end":{"line":40,"column":null}},"type":"if","locations":[{"start":{"line":33,"column":4},"end":{"line":40,"column":null}},{"start":{},"end":{}}]},"2":{"loc":{"start":{"line":44,"column":4},"end":{"line":48,"column":null}},"type":"if","locations":[{"start":{"line":44,"column":4},"end":{"line":48,"column":null}},{"start":{},"end":{}}]},"3":{"loc":{"start":{"line":52,"column":4},"end":{"line":54,"column":null}},"type":"if","locations":[{"start":{"line":52,"column":4},"end":{"line":54,"column":null}},{"start":{},"end":{}}]},"4":{"loc":{"start":{"line":60,"column":4},"end":{"line":68,"column":null}},"type":"if","locations":[{"start":{"line":60,"column":4},"end":{"line":68,"column":null}},{"start":{},"end":{}}]},"5":{"loc":{"start":{"line":65,"column":6},"end":{"line":67,"column":null}},"type":"if","locations":[{"start":{"line":65,"column":6},"end":{"line":67,"column":null}},{"start":{},"end":{}}]},"6":{"loc":{"start":{"line":65,"column":10},"end":{"line":65,"column":55}},"type":"binary-expr","locations":[{"start":{"line":65,"column":10},"end":{"line":65,"column":35}},{"start":{"line":65,"column":35},"end":{"line":65,"column":55}}]},"7":{"loc":{"start":{"line":74,"column":4},"end":{"line":80,"column":null}},"type":"if","locations":[{"start":{"line":74,"column":4},"end":{"line":80,"column":null}},{"start":{"line":78,"column":11},"end":{"line":80,"column":null}}]},"8":{"loc":{"start":{"line":82,"column":4},"end":{"line":84,"column":null}},"type":"if","locations":[{"start":{"line":82,"column":4},"end":{"line":84,"column":null}},{"start":{},"end":{}}]},"9":{"loc":{"start":{"line":82,"column":8},"end":{"line":82,"column":70}},"type":"binary-expr","locations":[{"start":{"line":82,"column":8},"end":{"line":82,"column":42}},{"start":{"line":82,"column":42},"end":{"line":82,"column":70}}]}},"s":{"0":6,"1":6,"2":6,"3":6,"4":6,"5":6,"6":6,"7":0,"8":0,"9":0,"10":0,"11":0,"12":0,"13":0,"14":0,"15":0,"16":0,"17":0,"18":0,"19":0,"20":0,"21":6,"22":3,"23":3,"24":0,"25":0,"26":0,"27":0,"28":0,"29":0,"30":0,"31":0,"32":0,"33":0,"34":6,"35":4,"36":1,"37":1,"38":3,"39":4,"40":0,"41":6,"42":1,"43":1,"44":6,"45":1,"46":6},"f":{"0":6,"1":0,"2":0,"3":0,"4":0,"5":3,"6":0,"7":0,"8":0,"9":0,"10":4,"11":1,"12":1,"13":1},"b":{"0":[0,0],"1":[0,0],"2":[0,0],"3":[3,0],"4":[0,0],"5":[0,0],"6":[0,0],"7":[1,3],"8":[0,4],"9":[4,3]}}
,"C:/Users/Skary/OneDrive/Área de Trabalho/pokedex-original/src/lib/utils.ts": {"path":"C:/Users/Skary/OneDrive/Área de Trabalho/pokedex-original/src/lib/utils.ts","statementMap":{"0":{"start":{"line":5,"column":2},"end":{"line":5,"column":null}}},"fnMap":{"0":{"name":"cn","decl":{"start":{"line":4,"column":16},"end":{"line":4,"column":22}},"loc":{"start":{"line":4,"column":44},"end":{"line":6,"column":null}}}},"branchMap":{},"s":{"0":0},"f":{"0":0},"b":{}}
,"C:/Users/Skary/OneDrive/Área de Trabalho/pokedex-original/src/stores/pokemonStore.ts": {"path":"C:/Users/Skary/OneDrive/Área de Trabalho/pokedex-original/src/stores/pokemonStore.ts","statementMap":{"0":{"start":{"line":13,"column":31},"end":{"line":119,"column":null}},"1":{"start":{"line":19,"column":8},"end":{"line":19,"column":null}},"2":{"start":{"line":22,"column":8},"end":{"line":22,"column":null}},"3":{"start":{"line":23,"column":31},"end":{"line":23,"column":null}},"4":{"start":{"line":24,"column":24},"end":{"line":24,"column":null}},"5":{"start":{"line":25,"column":25},"end":{"line":25,"column":null}},"6":{"start":{"line":26,"column":22},"end":{"line":26,"column":null}},"7":{"start":{"line":29,"column":6},"end":{"line":29,"column":null}},"8":{"start":{"line":30,"column":6},"end":{"line":54,"column":null}},"9":{"start":{"line":31,"column":31},"end":{"line":31,"column":null}},"10":{"start":{"line":32,"column":52},"end":{"line":32,"column":null}},"11":{"start":{"line":32,"column":85},"end":{"line":32,"column":116}},"12":{"start":{"line":34,"column":34},"end":{"line":36,"column":null}},"13":{"start":{"line":35,"column":42},"end":{"line":35,"column":70}},"14":{"start":{"line":38,"column":8},"end":{"line":42,"column":null}},"15":{"start":{"line":39,"column":10},"end":{"line":41,"column":null}},"16":{"start":{"line":40,"column":12},"end":{"line":40,"column":null}},"17":{"start":{"line":45,"column":31},"end":{"line":47,"column":null}},"18":{"start":{"line":46,"column":26},"end":{"line":46,"column":57}},"19":{"start":{"line":47,"column":29},"end":{"line":47,"column":82}},"20":{"start":{"line":47,"column":58},"end":{"line":47,"column":81}},"21":{"start":{"line":50,"column":8},"end":{"line":50,"column":null}},"22":{"start":{"line":51,"column":8},"end":{"line":51,"column":null}},"23":{"start":{"line":51,"column":41},"end":{"line":51,"column":58}},"24":{"start":{"line":53,"column":8},"end":{"line":53,"column":null}},"25":{"start":{"line":58,"column":24},"end":{"line":58,"column":null}},"26":{"start":{"line":61,"column":6},"end":{"line":61,"column":null}},"27":{"start":{"line":62,"column":6},"end":{"line":108,"column":null}},"28":{"start":{"line":63,"column":27},"end":{"line":63,"column":null}},"29":{"start":{"line":64,"column":31},"end":{"line":64,"column":null}},"30":{"start":{"line":66,"column":8},"end":{"line":98,"column":null}},"31":{"start":{"line":67,"column":10},"end":{"line":69,"column":null}},"32":{"start":{"line":68,"column":12},"end":{"line":68,"column":null}},"33":{"start":{"line":71,"column":51},"end":{"line":71,"column":null}},"34":{"start":{"line":73,"column":54},"end":{"line":75,"column":null}},"35":{"start":{"line":74,"column":12},"end":{"line":74,"column":null}},"36":{"start":{"line":77,"column":36},"end":{"line":79,"column":null}},"37":{"start":{"line":78,"column":44},"end":{"line":78,"column":72}},"38":{"start":{"line":81,"column":10},"end":{"line":87,"column":null}},"39":{"start":{"line":82,"column":12},"end":{"line":86,"column":null}},"40":{"start":{"line":83,"column":14},"end":{"line":83,"column":null}},"41":{"start":{"line":84,"column":14},"end":{"line":84,"column":null}},"42":{"start":{"line":85,"column":14},"end":{"line":85,"column":null}},"43":{"start":{"line":89,"column":10},"end":{"line":95,"column":null}},"44":{"start":{"line":90,"column":34},"end":{"line":90,"column":null}},"45":{"start":{"line":91,"column":12},"end":{"line":94,"column":null}},"46":{"start":{"line":92,"column":14},"end":{"line":92,"column":null}},"47":{"start":{"line":93,"column":14},"end":{"line":93,"column":null}},"48":{"start":{"line":97,"column":10},"end":{"line":97,"column":null}},"49":{"start":{"line":100,"column":31},"end":{"line":102,"column":null}},"50":{"start":{"line":101,"column":21},"end":{"line":101,"column":null}},"51":{"start":{"line":101,"column":50},"end":{"line":101,"column":73}},"52":{"start":{"line":104,"column":8},"end":{"line":104,"column":null}},"53":{"start":{"line":105,"column":8},"end":{"line":105,"column":null}},"54":{"start":{"line":105,"column":41},"end":{"line":105,"column":58}},"55":{"start":{"line":107,"column":8},"end":{"line":107,"column":null}},"56":{"start":{"line":111,"column":4},"end":{"line":117,"column":null}}},"fnMap":{"0":{"name":"(anonymous_0)","decl":{"start":{"line":15,"column":2},"end":{"line":15,"column":49}},"loc":{"start":{"line":15,"column":49},"end":{"line":118,"column":null}}},"1":{"name":"getListPokemons","decl":{"start":{"line":28,"column":19},"end":{"line":28,"column":37}},"loc":{"start":{"line":28,"column":37},"end":{"line":55,"column":null}}},"2":{"name":"(anonymous_2)","decl":{"start":{"line":32,"column":74},"end":{"line":32,"column":85}},"loc":{"start":{"line":32,"column":85},"end":{"line":32,"column":116}}},"3":{"name":"(anonymous_3)","decl":{"start":{"line":35,"column":31},"end":{"line":35,"column":42}},"loc":{"start":{"line":35,"column":42},"end":{"line":35,"column":70}}},"4":{"name":"(anonymous_4)","decl":{"start":{"line":38,"column":34},"end":{"line":38,"column":52}},"loc":{"start":{"line":38,"column":52},"end":{"line":42,"column":9}}},"5":{"name":"(anonymous_5)","decl":{"start":{"line":46,"column":15},"end":{"line":46,"column":26}},"loc":{"start":{"line":46,"column":26},"end":{"line":46,"column":57}}},"6":{"name":"(anonymous_6)","decl":{"start":{"line":47,"column":18},"end":{"line":47,"column":29}},"loc":{"start":{"line":47,"column":29},"end":{"line":47,"column":82}}},"7":{"name":"(anonymous_7)","decl":{"start":{"line":47,"column":53},"end":{"line":47,"column":58}},"loc":{"start":{"line":47,"column":58},"end":{"line":47,"column":81}}},"8":{"name":"(anonymous_8)","decl":{"start":{"line":51,"column":31},"end":{"line":51,"column":32}},"loc":{"start":{"line":51,"column":41},"end":{"line":51,"column":58}}},"9":{"name":"getListPokemonsByType","decl":{"start":{"line":60,"column":19},"end":{"line":60,"column":41}},"loc":{"start":{"line":60,"column":73},"end":{"line":109,"column":null}}},"10":{"name":"(anonymous_10)","decl":{"start":{"line":66,"column":36},"end":{"line":66,"column":43}},"loc":{"start":{"line":66,"column":52},"end":{"line":98,"column":9}}},"11":{"name":"(anonymous_11)","decl":{"start":{"line":73,"column":75},"end":{"line":73,"column":null}},"loc":{"start":{"line":74,"column":12},"end":{"line":74,"column":null}}},"12":{"name":"(anonymous_12)","decl":{"start":{"line":78,"column":33},"end":{"line":78,"column":44}},"loc":{"start":{"line":78,"column":44},"end":{"line":78,"column":72}}},"13":{"name":"(anonymous_13)","decl":{"start":{"line":81,"column":36},"end":{"line":81,"column":54}},"loc":{"start":{"line":81,"column":54},"end":{"line":87,"column":11}}},"14":{"name":"(anonymous_14)","decl":{"start":{"line":89,"column":32},"end":{"line":89,"column":43}},"loc":{"start":{"line":89,"column":43},"end":{"line":95,"column":11}}},"15":{"name":"(anonymous_15)","decl":{"start":{"line":101,"column":10},"end":{"line":101,"column":21}},"loc":{"start":{"line":101,"column":21},"end":{"line":101,"column":null}}},"16":{"name":"(anonymous_16)","decl":{"start":{"line":101,"column":45},"end":{"line":101,"column":50}},"loc":{"start":{"line":101,"column":50},"end":{"line":101,"column":73}}},"17":{"name":"(anonymous_17)","decl":{"start":{"line":105,"column":31},"end":{"line":105,"column":32}},"loc":{"start":{"line":105,"column":41},"end":{"line":105,"column":58}}}},"branchMap":{"0":{"loc":{"start":{"line":39,"column":10},"end":{"line":41,"column":null}},"type":"if","locations":[{"start":{"line":39,"column":10},"end":{"line":41,"column":null}},{"start":{},"end":{}}]},"1":{"loc":{"start":{"line":60,"column":58},"end":{"line":60,"column":73}},"type":"default-arg","locations":[{"start":{"line":60,"column":69},"end":{"line":60,"column":73}}]},"2":{"loc":{"start":{"line":67,"column":10},"end":{"line":69,"column":null}},"type":"if","locations":[{"start":{"line":67,"column":10},"end":{"line":69,"column":null}},{"start":{},"end":{}}]},"3":{"loc":{"start":{"line":74,"column":12},"end":{"line":74,"column":null}},"type":"binary-expr","locations":[{"start":{"line":74,"column":12},"end":{"line":74,"column":47}},{"start":{"line":74,"column":47},"end":{"line":74,"column":null}}]},"4":{"loc":{"start":{"line":82,"column":12},"end":{"line":86,"column":null}},"type":"if","locations":[{"start":{"line":82,"column":12},"end":{"line":86,"column":null}},{"start":{},"end":{}}]},"5":{"loc":{"start":{"line":91,"column":12},"end":{"line":94,"column":null}},"type":"if","locations":[{"start":{"line":91,"column":12},"end":{"line":94,"column":null}},{"start":{},"end":{}}]},"6":{"loc":{"start":{"line":91,"column":16},"end":{"line":91,"column":68}},"type":"binary-expr","locations":[{"start":{"line":91,"column":16},"end":{"line":91,"column":33}},{"start":{"line":91,"column":33},"end":{"line":91,"column":68}}]}},"s":{"0":1,"1":6,"2":6,"3":6,"4":6,"5":6,"6":6,"7":3,"8":3,"9":3,"10":3,"11":60,"12":3,"13":60,"14":3,"15":60,"16":60,"17":3,"18":60,"19":60,"20":0,"21":3,"22":3,"23":57,"24":3,"25":6,"26":1,"27":1,"28":1,"29":1,"30":1,"31":1,"32":1,"33":1,"34":1,"35":20,"36":1,"37":20,"38":1,"39":20,"40":20,"41":20,"42":20,"43":1,"44":20,"45":20,"46":0,"47":0,"48":1,"49":1,"50":20,"51":0,"52":1,"53":1,"54":23,"55":1,"56":6},"f":{"0":6,"1":3,"2":60,"3":60,"4":60,"5":60,"6":60,"7":0,"8":57,"9":1,"10":1,"11":20,"12":20,"13":20,"14":20,"15":20,"16":0,"17":23},"b":{"0":[60,0],"1":[1],"2":[1,0],"3":[20,20],"4":[20,0],"5":[0,20],"6":[20,20]}}
,"C:/Users/Skary/OneDrive/Área de Trabalho/pokedex-original/src/utils/i18n.ts": {"path":"C:/Users/Skary/OneDrive/Área de Trabalho/pokedex-original/src/utils/i18n.ts","statementMap":{"0":{"start":{"line":8,"column":13},"end":{"line":16,"column":null}}},"fnMap":{},"branchMap":{},"s":{"0":0},"f":{},"b":{}}
,"C:/Users/Skary/OneDrive/Área de Trabalho/pokedex-original/src/utils/typeColors.ts": {"path":"C:/Users/Skary/OneDrive/Área de Trabalho/pokedex-original/src/utils/typeColors.ts","statementMap":{"0":{"start":{"line":1,"column":26},"end":{"line":20,"column":null}}},"fnMap":{},"branchMap":{},"s":{"0":0},"f":{},"b":{}}
,"C:/Users/Skary/OneDrive/Área de Trabalho/pokedex-original/src/views/Details.vue": {"path":"C:/Users/Skary/OneDrive/Área de Trabalho/pokedex-original/src/views/Details.vue","statementMap":{"0":{"start":{"line":136,"column":14},"end":{"line":136,"column":null}},"1":{"start":{"line":138,"column":15},"end":{"line":138,"column":null}},"2":{"start":{"line":139,"column":27},"end":{"line":139,"column":null}},"3":{"start":{"line":140,"column":33},"end":{"line":140,"column":null}},"4":{"start":{"line":142,"column":14},"end":{"line":142,"column":null}},"5":{"start":{"line":144,"column":23},"end":{"line":144,"column":null}},"6":{"start":{"line":145,"column":19},"end":{"line":145,"column":null}},"7":{"start":{"line":146,"column":22},"end":{"line":146,"column":null}},"8":{"start":{"line":148,"column":25},"end":{"line":151,"column":null}},"9":{"start":{"line":149,"column":24},"end":{"line":149,"column":null}},"10":{"start":{"line":150,"column":4},"end":{"line":150,"column":null}},"11":{"start":{"line":152,"column":26},"end":{"line":164,"column":null}},"12":{"start":{"line":153,"column":4},"end":{"line":153,"column":null}},"13":{"start":{"line":155,"column":4},"end":{"line":155,"column":null}},"14":{"start":{"line":157,"column":4},"end":{"line":163,"column":null}},"15":{"start":{"line":158,"column":8},"end":{"line":158,"column":null}},"16":{"start":{"line":159,"column":8},"end":{"line":162,"column":null}},"17":{"start":{"line":160,"column":12},"end":{"line":160,"column":null}},"18":{"start":{"line":161,"column":12},"end":{"line":161,"column":null}},"19":{"start":{"line":166,"column":0},"end":{"line":168,"column":null}},"20":{"start":{"line":167,"column":4},"end":{"line":167,"column":null}},"21":{"start":{"line":170,"column":0},"end":{"line":170,"column":null}},"22":{"start":{"line":170,"column":19},"end":{"line":170,"column":38}},"23":{"start":{"line":173,"column":35},"end":{"line":173,"column":null}},"24":{"start":{"line":176,"column":8},"end":{"line":176,"column":null}},"25":{"start":{"line":176,"column":24},"end":{"line":176,"column":null}},"26":{"start":{"line":177,"column":25},"end":{"line":177,"column":null}},"27":{"start":{"line":178,"column":8},"end":{"line":180,"column":null}},"28":{"start":{"line":179,"column":12},"end":{"line":179,"column":null}},"29":{"start":{"line":182,"column":8},"end":{"line":184,"column":null}},"30":{"start":{"line":183,"column":12},"end":{"line":183,"column":null}},"31":{"start":{"line":187,"column":4},"end":{"line":187,"column":null}},"32":{"start":{"line":190,"column":20},"end":{"line":195,"column":null}},"33":{"start":{"line":191,"column":4},"end":{"line":194,"column":null}},"34":{"start":{"line":2,"column":10},"end":{"line":2,"column":null}},"35":{"start":{"line":12,"column":17},"end":{"line":12,"column":null}},"36":{"start":{"line":25,"column":21},"end":{"line":25,"column":null}},"37":{"start":{"line":27,"column":25},"end":{"line":27,"column":null}},"38":{"start":{"line":1,"column":0},"end":{"line":1,"column":null}},"39":{"start":{"line":30,"column":28},"end":{"line":30,"column":86}},"40":{"start":{"line":31,"column":29},"end":{"line":31,"column":null}},"41":{"start":{"line":38,"column":25},"end":{"line":38,"column":null}},"42":{"start":{"line":39,"column":28},"end":{"line":39,"column":78}},"43":{"start":{"line":40,"column":29},"end":{"line":40,"column":null}},"44":{"start":{"line":43,"column":35},"end":{"line":43,"column":82}},"45":{"start":{"line":44,"column":37},"end":{"line":44,"column":null}},"46":{"start":{"line":45,"column":42},"end":{"line":45,"column":75}},"47":{"start":{"line":56,"column":21},"end":{"line":56,"column":null}},"48":{"start":{"line":57,"column":25},"end":{"line":57,"column":null}},"49":{"start":{"line":58,"column":28},"end":{"line":58,"column":77}},"50":{"start":{"line":59,"column":29},"end":{"line":59,"column":null}},"51":{"start":{"line":70,"column":35},"end":{"line":70,"column":70}},"52":{"start":{"line":76,"column":29},"end":{"line":76,"column":null}},"53":{"start":{"line":77,"column":32},"end":{"line":77,"column":81}},"54":{"start":{"line":78,"column":33},"end":{"line":78,"column":null}},"55":{"start":{"line":84,"column":43},"end":{"line":84,"column":78}},"56":{"start":{"line":88,"column":41},"end":{"line":88,"column":null}},"57":{"start":{"line":97,"column":43},"end":{"line":97,"column":78}},"58":{"start":{"line":101,"column":41},"end":{"line":101,"column":null}},"59":{"start":{"line":110,"column":43},"end":{"line":110,"column":78}},"60":{"start":{"line":19,"column":32},"end":{"line":19,"column":null}},"61":{"start":{"line":32,"column":28},"end":{"line":33,"column":61}},"62":{"start":{"line":83,"column":128},"end":{"line":84,"column":115}},"63":{"start":{"line":96,"column":128},"end":{"line":97,"column":116}},"64":{"start":{"line":109,"column":128},"end":{"line":110,"column":115}}},"fnMap":{"0":{"name":"(anonymous_1)","decl":{"start":{"line":148,"column":34},"end":{"line":148,"column":40}},"loc":{"start":{"line":148,"column":40},"end":{"line":151,"column":1}}},"1":{"name":"(anonymous_2)","decl":{"start":{"line":152,"column":26},"end":{"line":152,"column":38}},"loc":{"start":{"line":152,"column":38},"end":{"line":164,"column":null}}},"2":{"name":"(anonymous_3)","decl":{"start":{"line":159,"column":43},"end":{"line":159,"column":51}},"loc":{"start":{"line":159,"column":51},"end":{"line":162,"column":9}}},"3":{"name":"(anonymous_4)","decl":{"start":{"line":166,"column":10},"end":{"line":166,"column":22}},"loc":{"start":{"line":166,"column":22},"end":{"line":168,"column":1}}},"4":{"name":"(anonymous_5)","decl":{"start":{"line":170,"column":13},"end":{"line":170,"column":19}},"loc":{"start":{"line":170,"column":19},"end":{"line":170,"column":38}}},"5":{"name":"animateValue","decl":{"start":{"line":172,"column":9},"end":{"line":172,"column":22}},"loc":{"start":{"line":172,"column":86},"end":{"line":188,"column":null}}},"6":{"name":"step","decl":{"start":{"line":175,"column":13},"end":{"line":175,"column":18}},"loc":{"start":{"line":175,"column":37},"end":{"line":185,"column":null}}},"7":{"name":"(anonymous_8)","decl":{"start":{"line":190,"column":20},"end":{"line":190,"column":26}},"loc":{"start":{"line":190,"column":26},"end":{"line":195,"column":null}}},"8":{"name":"(anonymous_11)","decl":{"start":{"line":19,"column":30},"end":{"line":19,"column":32}},"loc":{"start":{"line":19,"column":32},"end":{"line":19,"column":null}}},"9":{"name":"(anonymous_14)","decl":{"start":{"line":81,"column":40},"end":{"line":81,"column":46}},"loc":{"start":{"line":83,"column":128},"end":{"line":84,"column":115}}},"10":{"name":"(anonymous_15)","decl":{"start":{"line":94,"column":40},"end":{"line":94,"column":46}},"loc":{"start":{"line":96,"column":128},"end":{"line":97,"column":116}}},"11":{"name":"(anonymous_16)","decl":{"start":{"line":107,"column":40},"end":{"line":107,"column":46}},"loc":{"start":{"line":109,"column":128},"end":{"line":110,"column":115}}}},"branchMap":{"0":{"loc":{"start":{"line":157,"column":4},"end":{"line":163,"column":null}},"type":"if","locations":[{"start":{"line":157,"column":4},"end":{"line":163,"column":null}},{"start":{},"end":{}}]},"1":{"loc":{"start":{"line":172,"column":61},"end":{"line":172,"column":86}},"type":"default-arg","locations":[{"start":{"line":172,"column":80},"end":{"line":172,"column":86}}]},"2":{"loc":{"start":{"line":176,"column":8},"end":{"line":176,"column":null}},"type":"if","locations":[{"start":{"line":176,"column":8},"end":{"line":176,"column":null}},{"start":{},"end":{}}]},"3":{"loc":{"start":{"line":178,"column":8},"end":{"line":180,"column":null}},"type":"if","locations":[{"start":{"line":178,"column":8},"end":{"line":180,"column":null}},{"start":{},"end":{}}]},"4":{"loc":{"start":{"line":182,"column":8},"end":{"line":184,"column":null}},"type":"if","locations":[{"start":{"line":182,"column":8},"end":{"line":184,"column":null}},{"start":{},"end":{}}]},"5":{"loc":{"start":{"line":4,"column":19},"end":{"line":6,"column":null}},"type":"cond-expr","locations":[{"start":{"line":4,"column":19},"end":{"line":6,"column":null}}]},"6":{"loc":{"start":{"line":7,"column":8},"end":{"line":9,"column":null}},"type":"binary-expr","locations":[{"start":{"line":7,"column":8},"end":{"line":7,"column":null}},{"start":{"line":7,"column":8},"end":{"line":9,"column":null}}]},"7":{"loc":{"start":{"line":13,"column":23},"end":{"line":1,"column":null}},"type":"cond-expr","locations":[{"start":{"line":13,"column":23},"end":{"line":1,"column":null}},{"start":{"line":1,"column":0},"end":{"line":1,"column":null}}]},"8":{"loc":{"start":{"line":19,"column":30},"end":{"line":19,"column":null}},"type":"binary-expr","locations":[{"start":{"line":19,"column":30},"end":{"line":19,"column":32}},{"start":{"line":19,"column":30},"end":{"line":19,"column":null}}]},"9":{"loc":{"start":{"line":45,"column":75},"end":{"line":45,"column":194}},"type":"cond-expr","locations":[{"start":{"line":45,"column":148},"end":{"line":45,"column":180}},{"start":{"line":45,"column":180},"end":{"line":45,"column":194}}]},"10":{"loc":{"start":{"line":48,"column":54},"end":{"line":48,"column":null}},"type":"cond-expr","locations":[{"start":{"line":48,"column":86},"end":{"line":48,"column":118}},{"start":{"line":48,"column":118},"end":{"line":48,"column":null}}]},"11":{"loc":{"start":{"line":61,"column":38},"end":{"line":1,"column":null}},"type":"cond-expr","locations":[{"start":{"line":61,"column":61},"end":{"line":64,"column":65}},{"start":{"line":1,"column":0},"end":{"line":1,"column":null}}]},"12":{"loc":{"start":{"line":1,"column":0},"end":{"line":64,"column":65}},"type":"binary-expr","locations":[{"start":{"line":1,"column":0},"end":{"line":1,"column":null}},{"start":{"line":1,"column":0},"end":{"line":64,"column":65}}]},"13":{"loc":{"start":{"line":67,"column":38},"end":{"line":1,"column":null}},"type":"cond-expr","locations":[{"start":{"line":67,"column":61},"end":{"line":70,"column":102}},{"start":{"line":1,"column":0},"end":{"line":1,"column":null}}]},"14":{"loc":{"start":{"line":75,"column":31},"end":{"line":1,"column":null}},"type":"cond-expr","locations":[{"start":{"line":75,"column":31},"end":{"line":1,"column":null}},{"start":{"line":1,"column":0},"end":{"line":1,"column":null}}]},"15":{"loc":{"start":{"line":79,"column":43},"end":{"line":1,"column":null}},"type":"cond-expr","locations":[{"start":{"line":79,"column":54},"end":{"line":1,"column":null}},{"start":{"line":1,"column":0},"end":{"line":1,"column":null}}]},"16":{"loc":{"start":{"line":87,"column":43},"end":{"line":1,"column":null}},"type":"cond-expr","locations":[{"start":{"line":87,"column":54},"end":{"line":1,"column":null}},{"start":{"line":1,"column":0},"end":{"line":1,"column":null}}]},"17":{"loc":{"start":{"line":89,"column":76},"end":{"line":1,"column":null}},"type":"cond-expr","locations":[{"start":{"line":89,"column":87},"end":{"line":90,"column":81}},{"start":{"line":1,"column":0},"end":{"line":1,"column":null}}]},"18":{"loc":{"start":{"line":1,"column":0},"end":{"line":91,"column":71}},"type":"binary-expr","locations":[{"start":{"line":1,"column":0},"end":{"line":1,"column":null}},{"start":{"line":1,"column":0},"end":{"line":91,"column":71}}]},"19":{"loc":{"start":{"line":100,"column":43},"end":{"line":1,"column":null}},"type":"cond-expr","locations":[{"start":{"line":100,"column":54},"end":{"line":1,"column":null}},{"start":{"line":1,"column":0},"end":{"line":1,"column":null}}]},"20":{"loc":{"start":{"line":102,"column":76},"end":{"line":1,"column":null}},"type":"cond-expr","locations":[{"start":{"line":102,"column":87},"end":{"line":103,"column":82}},{"start":{"line":1,"column":0},"end":{"line":1,"column":null}}]},"21":{"loc":{"start":{"line":1,"column":0},"end":{"line":104,"column":71}},"type":"binary-expr","locations":[{"start":{"line":1,"column":0},"end":{"line":1,"column":null}},{"start":{"line":1,"column":0},"end":{"line":104,"column":71}}]}},"s":{"0":0,"1":0,"2":0,"3":0,"4":0,"5":0,"6":0,"7":0,"8":0,"9":0,"10":0,"11":0,"12":0,"13":0,"14":0,"15":0,"16":0,"17":0,"18":0,"19":0,"20":0,"21":0,"22":0,"23":0,"24":0,"25":0,"26":0,"27":0,"28":0,"29":0,"30":0,"31":0,"32":0,"33":0,"34":0,"35":0,"36":0,"37":0,"38":0,"39":0,"40":0,"41":0,"42":0,"43":0,"44":0,"45":0,"46":0,"47":0,"48":0,"49":0,"50":0,"51":0,"52":0,"53":0,"54":0,"55":0,"56":0,"57":0,"58":0,"59":0,"60":0,"61":0,"62":0,"63":0,"64":0},"f":{"0":0,"1":0,"2":0,"3":0,"4":0,"5":0,"6":0,"7":0,"8":0,"9":0,"10":0,"11":0},"b":{"0":[0,0],"1":[0],"2":[0,0],"3":[0,0],"4":[0,0],"5":[0],"6":[0,0],"7":[0,0],"8":[0,0],"9":[0,0],"10":[0,0],"11":[0,0],"12":[0,0],"13":[0,0],"14":[0,0],"15":[0,0],"16":[0,0],"17":[0,0],"18":[0,0],"19":[0,0],"20":[0,0],"21":[0,0]}}
,"C:/Users/Skary/OneDrive/Área de Trabalho/pokedex-original/src/views/Home.vue": {"path":"C:/Users/Skary/OneDrive/Área de Trabalho/pokedex-original/src/views/Home.vue","statementMap":{"0":{"start":{"line":141,"column":22},"end":{"line":143,"column":null}},"1":{"start":{"line":146,"column":2},"end":{"line":146,"column":null}},"2":{"start":{"line":153,"column":31},"end":{"line":153,"column":null}},"3":{"start":{"line":155,"column":15},"end":{"line":155,"column":null}},"4":{"start":{"line":156,"column":19},"end":{"line":156,"column":null}},"5":{"start":{"line":158,"column":32},"end":{"line":158,"column":null}},"6":{"start":{"line":160,"column":22},"end":{"line":160,"column":null}},"7":{"start":{"line":162,"column":20},"end":{"line":164,"column":null}},"8":{"start":{"line":163,"column":2},"end":{"line":163,"column":null}},"9":{"start":{"line":167,"column":21},"end":{"line":167,"column":null}},"10":{"start":{"line":168,"column":22},"end":{"line":168,"column":null}},"11":{"start":{"line":169,"column":51},"end":{"line":169,"column":null}},"12":{"start":{"line":171,"column":13},"end":{"line":171,"column":null}},"13":{"start":{"line":174,"column":0},"end":{"line":177,"column":null}},"14":{"start":{"line":175,"column":2},"end":{"line":175,"column":null}},"15":{"start":{"line":176,"column":2},"end":{"line":176,"column":null}},"16":{"start":{"line":179,"column":20},"end":{"line":179,"column":null}},"17":{"start":{"line":181,"column":20},"end":{"line":200,"column":null}},"18":{"start":{"line":210,"column":4},"end":{"line":210,"column":null}},"19":{"start":{"line":212,"column":30},"end":{"line":214,"column":null}},"20":{"start":{"line":213,"column":2},"end":{"line":213,"column":null}},"21":{"start":{"line":216,"column":0},"end":{"line":226,"column":null}},"22":{"start":{"line":219,"column":4},"end":{"line":223,"column":null}},"23":{"start":{"line":220,"column":6},"end":{"line":220,"column":null}},"24":{"start":{"line":221,"column":4},"end":{"line":223,"column":null}},"25":{"start":{"line":222,"column":6},"end":{"line":222,"column":null}},"26":{"start":{"line":228,"column":20},"end":{"line":235,"column":null}},"27":{"start":{"line":229,"column":2},"end":{"line":234,"column":null}},"28":{"start":{"line":230,"column":5},"end":{"line":233,"column":null}},"29":{"start":{"line":2,"column":8},"end":{"line":2,"column":null}},"30":{"start":{"line":13,"column":11},"end":{"line":13,"column":null}},"31":{"start":{"line":16,"column":15},"end":{"line":16,"column":null}},"32":{"start":{"line":20,"column":12},"end":{"line":20,"column":51}},"33":{"start":{"line":21,"column":11},"end":{"line":21,"column":41}},"34":{"start":{"line":33,"column":15},"end":{"line":33,"column":null}},"35":{"start":{"line":34,"column":13},"end":{"line":34,"column":null}},"36":{"start":{"line":36,"column":16},"end":{"line":36,"column":46}},"37":{"start":{"line":1,"column":0},"end":{"line":1,"column":null}},"38":{"start":{"line":41,"column":16},"end":{"line":41,"column":46}},"39":{"start":{"line":44,"column":15},"end":{"line":44,"column":null}},"40":{"start":{"line":48,"column":17},"end":{"line":48,"column":44}},"41":{"start":{"line":70,"column":15},"end":{"line":70,"column":null}},"42":{"start":{"line":71,"column":17},"end":{"line":71,"column":null}},"43":{"start":{"line":75,"column":17},"end":{"line":75,"column":null}},"44":{"start":{"line":87,"column":17},"end":{"line":87,"column":null}},"45":{"start":{"line":88,"column":15},"end":{"line":88,"column":null}},"46":{"start":{"line":97,"column":19},"end":{"line":97,"column":null}},"47":{"start":{"line":103,"column":19},"end":{"line":103,"column":null}},"48":{"start":{"line":14,"column":24},"end":{"line":14,"column":40}},"49":{"start":{"line":22,"column":24},"end":{"line":22,"column":38}},"50":{"start":{"line":37,"column":28},"end":{"line":37,"column":44}},"51":{"start":{"line":37,"column":51},"end":{"line":37,"column":null}},"52":{"start":{"line":46,"column":22},"end":{"line":46,"column":null}},"53":{"start":{"line":55,"column":54},"end":{"line":55,"column":null}},"54":{"start":{"line":61,"column":82},"end":{"line":62,"column":67}},"55":{"start":{"line":72,"column":14},"end":{"line":73,"column":91}},"56":{"start":{"line":73,"column":65},"end":{"line":73,"column":91}},"57":{"start":{"line":77,"column":24},"end":{"line":77,"column":41}},"58":{"start":{"line":78,"column":164},"end":{"line":78,"column":192}},"59":{"start":{"line":85,"column":10},"end":{"line":85,"column":86}}},"fnMap":{"0":{"name":"toggleLocale","decl":{"start":{"line":145,"column":9},"end":{"line":145,"column":24}},"loc":{"start":{"line":145,"column":24},"end":{"line":147,"column":null}}},"1":{"name":"(anonymous_2)","decl":{"start":{"line":162,"column":29},"end":{"line":162,"column":35}},"loc":{"start":{"line":162,"column":35},"end":{"line":164,"column":1}}},"2":{"name":"(anonymous_3)","decl":{"start":{"line":174,"column":10},"end":{"line":174,"column":16}},"loc":{"start":{"line":174,"column":16},"end":{"line":177,"column":1}}},"3":{"name":"(anonymous_4)","decl":{"start":{"line":212,"column":30},"end":{"line":212,"column":36}},"loc":{"start":{"line":212,"column":36},"end":{"line":214,"column":null}}},"4":{"name":"(anonymous_5)","decl":{"start":{"line":218,"column":2},"end":{"line":218,"column":8}},"loc":{"start":{"line":218,"column":8},"end":{"line":224,"column":null}}},"5":{"name":"(anonymous_6)","decl":{"start":{"line":228,"column":20},"end":{"line":228,"column":26}},"loc":{"start":{"line":228,"column":26},"end":{"line":235,"column":null}}},"6":{"name":"(anonymous_13)","decl":{"start":{"line":14,"column":22},"end":{"line":14,"column":24}},"loc":{"start":{"line":14,"column":24},"end":{"line":14,"column":40}}},"7":{"name":"(anonymous_14)","decl":{"start":{"line":22,"column":22},"end":{"line":22,"column":24}},"loc":{"start":{"line":22,"column":24},"end":{"line":22,"column":38}}},"8":{"name":"(anonymous_15)","decl":{"start":{"line":1,"column":0},"end":{"line":1,"column":null}},"loc":{"start":{"line":37,"column":28},"end":{"line":37,"column":44}}},"9":{"name":"(anonymous_16)","decl":{"start":{"line":37,"column":49},"end":{"line":37,"column":51}},"loc":{"start":{"line":37,"column":51},"end":{"line":37,"column":null}}},"10":{"name":"(anonymous_17)","decl":{"start":{"line":46,"column":20},"end":{"line":46,"column":22}},"loc":{"start":{"line":46,"column":22},"end":{"line":46,"column":null}}},"11":{"name":"(anonymous_21)","decl":{"start":{"line":55,"column":45},"end":{"line":55,"column":54}},"loc":{"start":{"line":55,"column":45},"end":{"line":55,"column":null}}},"12":{"name":"(anonymous_22)","decl":{"start":{"line":61,"column":18},"end":{"line":61,"column":28}},"loc":{"start":{"line":61,"column":82},"end":{"line":62,"column":67}}},"13":{"name":"(anonymous_24)","decl":{"start":{"line":73,"column":63},"end":{"line":73,"column":65}},"loc":{"start":{"line":73,"column":65},"end":{"line":73,"column":91}}},"14":{"name":"(anonymous_25)","decl":{"start":{"line":77,"column":22},"end":{"line":77,"column":24}},"loc":{"start":{"line":77,"column":24},"end":{"line":77,"column":41}}},"15":{"name":"(anonymous_26)","decl":{"start":{"line":78,"column":162},"end":{"line":78,"column":164}},"loc":{"start":{"line":78,"column":164},"end":{"line":78,"column":192}}}},"branchMap":{"0":{"loc":{"start":{"line":146,"column":17},"end":{"line":146,"column":null}},"type":"cond-expr","locations":[{"start":{"line":146,"column":41},"end":{"line":146,"column":51}},{"start":{"line":146,"column":51},"end":{"line":146,"column":null}}]},"1":{"loc":{"start":{"line":163,"column":9},"end":{"line":163,"column":null}},"type":"cond-expr","locations":[{"start":{"line":163,"column":31},"end":{"line":163,"column":59}},{"start":{"line":163,"column":59},"end":{"line":163,"column":null}}]},"2":{"loc":{"start":{"line":219,"column":4},"end":{"line":223,"column":null}},"type":"if","locations":[{"start":{"line":219,"column":4},"end":{"line":223,"column":null}},{"start":{"line":221,"column":4},"end":{"line":223,"column":null}}]},"3":{"loc":{"start":{"line":219,"column":8},"end":{"line":219,"column":143}},"type":"binary-expr","locations":[{"start":{"line":219,"column":8},"end":{"line":219,"column":28}},{"start":{"line":219,"column":28},"end":{"line":219,"column":62}},{"start":{"line":219,"column":62},"end":{"line":219,"column":97}},{"start":{"line":219,"column":97},"end":{"line":219,"column":121}},{"start":{"line":219,"column":121},"end":{"line":219,"column":143}}]},"4":{"loc":{"start":{"line":221,"column":4},"end":{"line":223,"column":null}},"type":"if","locations":[{"start":{"line":221,"column":4},"end":{"line":223,"column":null}},{"start":{},"end":{}}]},"5":{"loc":{"start":{"line":221,"column":15},"end":{"line":221,"column":118}},"type":"binary-expr","locations":[{"start":{"line":221,"column":15},"end":{"line":221,"column":35}},{"start":{"line":221,"column":35},"end":{"line":221,"column":72}},{"start":{"line":221,"column":72},"end":{"line":221,"column":96}},{"start":{"line":221,"column":96},"end":{"line":221,"column":118}}]},"6":{"loc":{"start":{"line":229,"column":2},"end":{"line":234,"column":null}},"type":"if","locations":[{"start":{"line":229,"column":2},"end":{"line":234,"column":null}},{"start":{},"end":{}}]},"7":{"loc":{"start":{"line":4,"column":15},"end":{"line":6,"column":null}},"type":"cond-expr","locations":[{"start":{"line":4,"column":15},"end":{"line":6,"column":null}}]},"8":{"loc":{"start":{"line":7,"column":4},"end":{"line":9,"column":null}},"type":"binary-expr","locations":[{"start":{"line":7,"column":4},"end":{"line":7,"column":null}},{"start":{"line":7,"column":4},"end":{"line":9,"column":null}}]},"9":{"loc":{"start":{"line":14,"column":22},"end":{"line":14,"column":40}},"type":"binary-expr","locations":[{"start":{"line":14,"column":22},"end":{"line":14,"column":24}},{"start":{"line":14,"column":22},"end":{"line":14,"column":40}}]},"10":{"loc":{"start":{"line":15,"column":10},"end":{"line":15,"column":252}},"type":"binary-expr","locations":[{"start":{"line":15,"column":10},"end":{"line":15,"column":16}},{"start":{"line":15,"column":10},"end":{"line":15,"column":252}}]},"11":{"loc":{"start":{"line":22,"column":22},"end":{"line":22,"column":38}},"type":"binary-expr","locations":[{"start":{"line":22,"column":22},"end":{"line":22,"column":24}},{"start":{"line":22,"column":22},"end":{"line":22,"column":38}}]},"12":{"loc":{"start":{"line":23,"column":41},"end":{"line":24,"column":77}},"type":"cond-expr","locations":[{"start":{"line":23,"column":41},"end":{"line":23,"column":83}},{"start":{"line":23,"column":53},"end":{"line":24,"column":77}}]},"13":{"loc":{"start":{"line":68,"column":14},"end":{"line":41,"column":76}},"type":"cond-expr","locations":[{"start":{"line":35,"column":22},"end":{"line":40,"column":null}},{"start":{"line":40,"column":10},"end":{"line":41,"column":76}}]},"14":{"loc":{"start":{"line":1,"column":0},"end":{"line":37,"column":44}},"type":"binary-expr","locations":[{"start":{"line":1,"column":0},"end":{"line":1,"column":null}},{"start":{"line":1,"column":0},"end":{"line":37,"column":44}}]},"15":{"loc":{"start":{"line":37,"column":49},"end":{"line":37,"column":null}},"type":"binary-expr","locations":[{"start":{"line":37,"column":49},"end":{"line":37,"column":51}},{"start":{"line":37,"column":49},"end":{"line":37,"column":null}}]},"16":{"loc":{"start":{"line":37,"column":51},"end":{"line":37,"column":null}},"type":"binary-expr","locations":[{"start":{"line":37,"column":51},"end":{"line":37,"column":null}},{"start":{"line":37,"column":51},"end":{"line":37,"column":null}}]},"17":{"loc":{"start":{"line":66,"column":16},"end":{"line":1,"column":null}},"type":"cond-expr","locations":[{"start":{"line":45,"column":96},"end":{"line":1,"column":null}},{"start":{"line":1,"column":0},"end":{"line":1,"column":null}}]},"18":{"loc":{"start":{"line":46,"column":20},"end":{"line":46,"column":null}},"type":"binary-expr","locations":[{"start":{"line":46,"column":20},"end":{"line":46,"column":22}},{"start":{"line":46,"column":20},"end":{"line":46,"column":null}}]},"19":{"loc":{"start":{"line":55,"column":45},"end":{"line":55,"column":null}},"type":"binary-expr","locations":[{"start":{"line":55,"column":45},"end":{"line":55,"column":54}},{"start":{"line":55,"column":45},"end":{"line":55,"column":null}}]},"20":{"loc":{"start":{"line":56,"column":33},"end":{"line":57,"column":103}},"type":"cond-expr","locations":[{"start":{"line":56,"column":33},"end":{"line":56,"column":110}},{"start":{"line":56,"column":97},"end":{"line":57,"column":103}}]},"21":{"loc":{"start":{"line":61,"column":82},"end":{"line":62,"column":67}},"type":"cond-expr","locations":[{"start":{"line":61,"column":28},"end":{"line":61,"column":82}},{"start":{"line":61,"column":47},"end":{"line":62,"column":67}}]},"22":{"loc":{"start":{"line":77,"column":22},"end":{"line":77,"column":41}},"type":"binary-expr","locations":[{"start":{"line":77,"column":22},"end":{"line":77,"column":24}},{"start":{"line":77,"column":22},"end":{"line":77,"column":41}}]},"23":{"loc":{"start":{"line":78,"column":162},"end":{"line":78,"column":192}},"type":"binary-expr","locations":[{"start":{"line":78,"column":162},"end":{"line":78,"column":164}},{"start":{"line":78,"column":162},"end":{"line":78,"column":192}}]},"24":{"loc":{"start":{"line":89,"column":23},"end":{"line":1,"column":null}},"type":"cond-expr","locations":[{"start":{"line":89,"column":23},"end":{"line":92,"column":42}},{"start":{"line":92,"column":28},"end":{"line":1,"column":null}}]},"25":{"loc":{"start":{"line":92,"column":28},"end":{"line":1,"column":null}},"type":"cond-expr","locations":[{"start":{"line":92,"column":48},"end":{"line":96,"column":49}},{"start":{"line":96,"column":28},"end":{"line":1,"column":null}}]},"26":{"loc":{"start":{"line":96,"column":28},"end":{"line":1,"column":null}},"type":"cond-expr","locations":[{"start":{"line":96,"column":55},"end":{"line":102,"column":48}},{"start":{"line":102,"column":28},"end":{"line":1,"column":null}}]},"27":{"loc":{"start":{"line":102,"column":28},"end":{"line":1,"column":null}},"type":"cond-expr","locations":[{"start":{"line":102,"column":54},"end":{"line":1,"column":null}},{"start":{"line":1,"column":0},"end":{"line":1,"column":null}}]}},"s":{"0":0,"1":0,"2":0,"3":0,"4":0,"5":0,"6":0,"7":0,"8":0,"9":0,"10":0,"11":0,"12":0,"13":0,"14":0,"15":0,"16":0,"17":0,"18":0,"19":0,"20":0,"21":0,"22":0,"23":0,"24":0,"25":0,"26":0,"27":0,"28":0,"29":0,"30":0,"31":0,"32":0,"33":0,"34":0,"35":0,"36":0,"37":0,"38":0,"39":0,"40":0,"41":0,"42":0,"43":0,"44":0,"45":0,"46":0,"47":0,"48":0,"49":0,"50":0,"51":0,"52":0,"53":0,"54":0,"55":0,"56":0,"57":0,"58":0,"59":0},"f":{"0":0,"1":0,"2":0,"3":0,"4":0,"5":0,"6":0,"7":0,"8":0,"9":0,"10":0,"11":0,"12":0,"13":0,"14":0,"15":0},"b":{"0":[0,0],"1":[0,0],"2":[0,0],"3":[0,0,0,0,0],"4":[0,0],"5":[0,0,0,0],"6":[0,0],"7":[0],"8":[0,0],"9":[0,0],"10":[0,0],"11":[0,0],"12":[0,0],"13":[0,0],"14":[0,0],"15":[0,0],"16":[0,0],"17":[0,0],"18":[0,0],"19":[0,0],"20":[0,0],"21":[0,0],"22":[0,0],"23":[0,0],"24":[0,0],"25":[0,0],"26":[0,0],"27":[0,0]}}
}
